21:48:46.312 Elfbot NG 4.5.9 - Entry Started on terça-feira março 31, 2020
21:48:46.312 TickProc Error #492 C0000005
21:48:46.328 TickProc Error #492 C0000005
21:48:46.375 TickProc Error #492 C0000005
21:48:46.390 TickProc Error #492 C0000005
21:48:46.453 TickProc Error #492 C0000005
21:48:46.453 TickProc Error #492 C0000005
21:48:46.578 TickProc Error #492 C0000005
21:48:46.578 TickProc Error #492 C0000005
21:48:46.640 TickProc Error #492 C0000005
21:48:46.640 TickProc Error #492 C0000005
21:48:46.765 TickProc Error #492 C0000005
21:48:46.765 TickProc Error #492 C0000005
21:48:47.890 TickProc Error #492 C0000005
21:48:47.890 TickProc Error #492 C0000005
21:48:47.953 TickProc Error #492 C0000005
21:48:47.953 TickProc Error #492 C0000005
21:48:47.078 TickProc Error #492 C0000005
21:48:47.093 TickProc Error #492 C0000005
21:48:47.218 TickProc Error #492 C0000005
21:48:47.218 TickProc Error #492 C0000005
21:48:47.281 TickProc Error #492 C0000005
21:48:47.281 TickProc Error #492 C0000005
21:48:47.406 TickProc Error #492 C0000005
21:48:47.406 TickProc Error #492 C0000005
21:48:47.531 TickProc Error #492 C0000005
21:48:47.531 TickProc Error #492 C0000005
21:48:47.593 TickProc Error #492 C0000005
21:48:47.593 TickProc Error #492 C0000005
21:48:47.656 TickProc Error #492 C0000005
21:48:47.656 TickProc Error #492 C0000005
21:48:47.796 TickProc Error #492 C0000005
21:48:47.796 TickProc Error #492 C0000005
21:48:47.859 TickProc Error #492 C0000005
21:48:47.859 TickProc Error #492 C0000005
21:48:48.984 TickProc Error #492 C0000005
21:48:48.984 TickProc Error #492 C0000005
00:33:33.109 HkeyProc Error #502 C0000005 on hotkey:  listas 'UE Combo' | clear $useue | set $messageleader 'Senhor Iaguerra' | set $leadermessage 'uecombo' | set $mpue 1200 | set $uespell 'exevo gran mas frigo' | foreach 'newmessages' $ue if [$ue.sender == '$messageleader' && $ue.content == '$leadermessage' && $ue.channel == 'Default'] set $useue 1 | if [$useue && $mp >= $mpue] {say '$uespell' | wait 900} command: if
00:33:37.484 HkeyProc Error #502 C0000005 on hotkey:  listas 'UE Combo' | clear $useue | set $messageleader 'Senhor Iaguerra' | set $leadermessage 'uecombo' | set $mpue 1200 | set $uespell 'exevo gran mas frigo' | foreach 'newmessages' $ue if [$ue.sender == '$messageleader' && $ue.content == '$leadermessage' && $ue.channel == 'Default'] set $useue 1 | if [$useue && $mp >= $mpue] {say '$uespell' | wait 900} command: if
10:06:08.718 Elfbot NG 4.5.9 - Entry Started on quarta-feira abril 01, 2020
10:06:08.718 TickProc Error #492 C0000005
10:06:08.718 TickProc Error #492 C0000005
10:06:08.750 TickProc Error #492 C0000005
10:06:08.750 TickProc Error #492 C0000005
10:06:08.781 TickProc Error #492 C0000005
10:06:08.781 TickProc Error #492 C0000005
10:06:08.843 TickProc Error #492 C0000005
10:06:08.843 TickProc Error #492 C0000005
10:06:08.875 TickProc Error #492 C0000005
10:06:08.875 TickProc Error #492 C0000005
10:08:24.093 HkeyProc Error #502 C0000005 on hotkey:  listas 'UE Combo' | clear $useue | set $messageleader 'Quero Tua Exp' | set $leadermessage 'fdp'| set $mpue 1200 | set $uespell 'exevo gran mas frigo' | foreach 'newmessages' $ue if [$ue.sender == '$messageleader' && $ue.content == '$leadermessage' && $ue.channel == 'Default'] set $useue 1 | if [$useue && $mp >= $mpue] {say '$uespell' | wait 900} command: if
10:09:02.453 Elfbot NG 4.5.9 - Entry Started on quarta-feira abril 01, 2020
ar $useue | set $messageleader 'Quero Tua Exp' | set $leadermessage 'fdp'| set $mpue 1200 | set $uespell 'exevo gran mas frigo' | foreach 'newmessages' $ue if [$ue.sender == '$messageleader' && $ue.content == '$leadermessage' && $ue.channel == 'Default'] set $useue 1 | if [$useue && $mp >= $mpue] {say '$uespell' | wait 900} command: if
10:09:02.453 HkeyProc Error #502 C0000005 on hotkey:  listas 'UE Combo' | clear $useue | set $messageleader 'Quero Tua Exp' | set $leadermessage 'fdp'| set $mpue 1200 | set $uespell 'exevo gran mas frigo' | foreach 'newmessages' $ue if [$ue.sender == '$messageleader' && $ue.content == '$leadermessage' && $ue.channel == 'Default'] set $useue 1 | if [$useue && $mp >= $mpue] {say '$uespell' | wait 900} command: if
10:09:10.843 HkeyProc Error #502 C0000005 on hotkey:  listas 'UE Combo' | clear $useue | set $messageleader 'Quero Tua Exp' | set $leadermessage 'fdp'| set $mpue 1200 | set $uespell 'exevo gran mas frigo' | foreach 'newmessages' $ue if [$ue.sender == '$messageleader' && $ue.content == '$leadermessage' && $ue.channel == 'Default'] set $useue 1 | if [$useue && $mp >= $mpue] {say '$uespell' | wait 900} command: if
10:09:16.390 HkeyProc Error #502 C0000005 on hotkey:  listas 'UE Combo' | clear $useue | set $messageleader 'Quero Tua Exp' | set $leadermessage 'fdp'| set $mpue 1200 | set $uespell 'exevo gran mas frigo' | foreach 'newmessages' $ue if [$ue.sender == '$messageleader' && $ue.content == '$leadermessage' && $ue.channel == 'Default'] set $useue 1 | if [$useue && $mp >= $mpue] {say '$uespell' | wait 900} command: if
10:09:16.421 HkeyProc Error #502 C0000005 on hotkey:  listas 'UE Combo' | clear $useue | set $messageleader 'Quero Tua Exp' | set $leadermessage 'fdp'| set $mpue 1200 | set $uespell 'exevo gran mas frigo' | foreach 'newmessages' $ue if [$ue.sender == '$messageleader' && $ue.content == '$leadermessage' && $ue.channel == 'Default'] set $useue 1 | if [$useue && $mp >= $mpue] {say '$uespell' | wait 900} command: if
10:09:44.281 HkeyProc Error #502 C0000005 on hotkey:  listas 'UE Combo' | clear $useue | set $messageleader 'Quero Tua Exp' | set $leadermessage 'fdp'| set $mpue 1200 | set $uespell 'exevo gran mas frigo' | foreach 'newmessages' $ue if [$ue.sender == '$messageleader' && $ue.content == '$leadermessage' && $ue.channel == 'Default'] set $useue 1 | if [$useue && $mp >= $mpue] {say '$uespell' | wait 900} command: if
10:09:44.312 HkeyProc Error #502 C0000005 on hotkey:  listas 'UE Combo' | clear $useue | set $messageleader 'Quero Tua Exp' | set $leadermessage 'fdp'| set $mpue 1200 | set $uespell 'exevo gran mas frigo' | foreach 'newmessages' $ue if [$ue.sender == '$messageleader' && $ue.content == '$leadermessage' && $ue.channel == 'Default'] set $useue 1 | if [$useue && $mp >= $mpue] {say '$uespell' | wait 900} command: if
10:09:51.171 HkeyProc Error #502 C0000005 on hotkey:  listas 'UE Combo' | clear $useue | set $messageleader 'Quero Tua Exp' | set $leadermessage 'fdp'| set $mpue 1200 | set $uespell 'exevo gran mas frigo' | foreach 'newmessages' $ue if [$ue.sender == '$messageleader' && $ue.content == '$leadermessage' && $ue.channel == 'Default'] set $useue 1 | if [$useue && $mp >= $mpue] {say '$uespell' | wait 900} command: if
10:09:51.203 HkeyProc Error #502 C0000005 on hotkey:  listas 'UE Combo' | clear $useue | set $messageleader 'Quero Tua Exp' | set $leadermessage 'fdp'| set $mpue 1200 | set $uespell 'exevo gran mas frigo' | foreach 'newmessages' $ue if [$ue.sender == '$messageleader' && $ue.content == '$leadermessage' && $ue.channel == 'Default'] set $useue 1 | if [$useue && $mp >= $mpue] {say '$uespell' | wait 900} command: if
10:10:21.171 HkeyProc Error #502 C0000005 on hotkey:  listas 'UE Combo' | clear $useue | set $messageleader 'Quero Tua Exp' | set $leadermessage 'fdp'| set $mpue 1200 | set $uespell 'exevo gran mas frigo' | foreach 'newmessages' $ue if [$ue.sender == '$messageleader' && $ue.content == '$leadermessage' && $ue.channel == 'Default'] set $useue 1 | if [$useue && $mp >= $mpue] {say '$uespell' | wait 900} command: if
10:10:21.203 HkeyProc Error #502 C0000005 on hotkey:  listas 'UE Combo' | clear $useue | set $messageleader 'Quero Tua Exp' | set $leadermessage 'fdp'| set $mpue 1200 | set $uespell 'exevo gran mas frigo' | foreach 'newmessages' $ue if [$ue.sender == '$messageleader' && $ue.content == '$leadermessage' && $ue.channel == 'Default'] set $useue 1 | if [$useue && $mp >= $mpue] {say '$uespell' | wait 900} command: if
10:10:42.093 HkeyProc Error #502 C0000005 on hotkey:  listas 'UE Combo' | clear $useue | set $messageleader 'Quero Tua Exp' | set $leadermessage 'fdp'| set $mpue 1200 | set $uespell 'exevo gran mas frigo' | foreach 'newmessages' $ue if [$ue.sender == '$messageleader' && $ue.content == '$leadermessage' && $ue.channel == 'Default'] set $useue 1 | if [$useue && $mp >= $mpue] {say '$uespell' | wait 900} command: if
10:11:01.812 HkeyProc Error #502 C0000005 on hotkey:  listas 'UE Combo' | clear $useue | set $messageleader 'Quero Tua Exp' | set $leadermessage 'fdp'| set $mpue 1200 | set $uespell 'exevo gran mas frigo' | foreach 'newmessages' $ue if [$ue.sender == '$messageleader' && $ue.content == '$leadermessage' && $ue.channel == 'Default'] set $useue 1 | if [$useue && $mp >= $mpue] {say '$uespell' | wait 900} command: if
10:11:02.890 HkeyProc Error #502 C0000005 on hotkey:  listas 'UE Combo' | clear $useue | set $messageleader 'Quero Tua Exp' | set $leadermessage 'fdp'| set $mpue 1200 | set $uespell 'exevo gran mas frigo' | foreach 'newmessages' $ue if [$ue.sender == '$messageleader' && $ue.content == '$leadermessage' && $ue.channel == 'Default'] set $useue 1 | if [$useue && $mp >= $mpue] {say '$uespell' | wait 900} command: if
10:11:23.390 HkeyProc Error #502 C0000005 on hotkey:  listas 'UE Combo' | clear $useue | set $messageleader 'Quero Tua Exp' | set $leadermessage 'fdp'| set $mpue 1200 | set $uespell 'exevo gran mas frigo' | foreach 'newmessages' $ue if [$ue.sender == '$messageleader' && $ue.content == '$leadermessage' && $ue.channel == 'Default'] set $useue 1 | if [$useue && $mp >= $mpue] {say '$uespell' | wait 900} command: if
10:11:41.437 HkeyProc Error #502 C0000005 on hotkey:  listas 'UE Combo' | clear $useue | set $messageleader 'Quero Tua Exp' | set $leadermessage 'fdp'| set $mpue 1200 | set $uespell 'exevo gran mas frigo' | foreach 'newmessages' $ue if [$ue.sender == '$messageleader' && $ue.content == '$leadermessage' && $ue.channel == 'Default'] set $useue 1 | if [$useue && $mp >= $mpue] {say '$uespell' | wait 900} command: if
10:12:20.593 HkeyProc Error #502 C0000005 on hotkey:  listas 'UE Combo' | clear $useue | set $messageleader 'Quero Tua Exp' | set $leadermessage 'fdp'| set $mpue 1200 | set $uespell 'exevo gran mas frigo' | foreach 'newmessages' $ue if [$ue.sender == '$messageleader' && $ue.content == '$leadermessage' && $ue.channel == 'Default'] set $useue 1 | if [$useue && $mp >= $mpue] {say '$uespell' | wait 900} command: if
10:12:20.703 HkeyProc Error #502 C0000005 on hotkey:  listas 'UE Combo' | clear $useue | set $messageleader 'Quero Tua Exp' | set $leadermessage 'fdp'| set $mpue 1200 | set $uespell 'exevo gran mas frigo' | foreach 'newmessages' $ue if [$ue.sender == '$messageleader' && $ue.content == '$leadermessage' && $ue.channel == 'Default'] set $useue 1 | if [$useue && $mp >= $mpue] {say '$uespell' | wait 900} command: if
10:12:25.734 HkeyProc Error #502 C0000005 on hotkey:  listas 'UE Combo' | clear $useue | set $messageleader 'Quero Tua Exp' | set $leadermessage 'fdp'| set $mpue 1200 | set $uespell 'exevo gran mas frigo' | foreach 'newmessages' $ue if [$ue.sender == '$messageleader' && $ue.content == '$leadermessage' && $ue.channel == 'Default'] set $useue 1 | if [$useue && $mp >= $mpue] {say '$uespell' | wait 900} command: if
10:12:58.546 HkeyProc Error #502 C0000005 on hotkey:  listas 'UE Combo' | clear $useue | set $messageleader 'Quero Tua Exp' | set $leadermessage 'fdp'| set $mpue 1200 | set $uespell 'exevo gran mas frigo' | foreach 'newmessages' $ue if [$ue.sender == '$messageleader' && $ue.content == '$leadermessage' && $ue.channel == 'Default'] set $useue 1 | if [$useue && $mp >= $mpue] {say '$uespell' | wait 900} command: if
10:13:00.734 HkeyProc Error #502 C0000005 on hotkey:  listas 'UE Combo' | clear $useue | set $messageleader 'Quero Tua Exp' | set $leadermessage 'fdp'| set $mpue 1200 | set $uespell 'exevo gran mas frigo' | foreach 'newmessages' $ue if [$ue.sender == '$messageleader' && $ue.content == '$leadermessage' && $ue.channel == 'Default'] set $useue 1 | if [$useue && $mp >= $mpue] {say '$uespell' | wait 900} command: if
10:13:12.437 HkeyProc Error #502 C0000005 on hotkey:  listas 'UE Combo' | clear $useue | set $messageleader 'Quero Tua Exp' | set $leadermessage 'fdp'| set $mpue 1200 | set $uespell 'exevo gran mas frigo' | foreach 'newmessages' $ue if [$ue.sender == '$messageleader' && $ue.content == '$leadermessage' && $ue.channel == 'Default'] set $useue 1 | if [$useue && $mp >= $mpue] {say '$uespell' | wait 900} command: if
10:13:30.593 HkeyProc Error #502 C0000005 on hotkey:  listas 'UE Combo' | clear $useue | set $messageleader 'Quero Tua Exp' | set $leadermessage 'fdp'| set $mpue 1200 | set $uespell 'exevo gran mas frigo' | foreach 'newmessages' $ue if [$ue.sender == '$messageleader' && $ue.content == '$leadermessage' && $ue.channel == 'Default'] set $useue 1 | if [$useue && $mp >= $mpue] {say '$uespell' | wait 900} command: if
10:13:34.750 HkeyProc Error #502 C0000005 on hotkey:  listas 'UE Combo' | clear $useue | set $messageleader 'Quero Tua Exp' | set $leadermessage 'fdp'| set $mpue 1200 | set $uespell 'exevo gran mas frigo' | foreach 'newmessages' $ue if [$ue.sender == '$messageleader' && $ue.content == '$leadermessage' && $ue.channel == 'Default'] set $useue 1 | if [$useue && $mp >= $mpue] {say '$uespell' | wait 900} command: if
10:13:35.296 HkeyProc Error #502 C0000005 on hotkey:  listas 'UE Combo' | clear $useue | set $messageleader 'Quero Tua Exp' | set $leadermessage 'fdp'| set $mpue 1200 | set $uespell 'exevo gran mas frigo' | foreach 'newmessages' $ue if [$ue.sender == '$messageleader' && $ue.content == '$leadermessage' && $ue.channel == 'Default'] set $useue 1 | if [$useue && $mp >= $mpue] {say '$uespell' | wait 900} command: if
10:13:40.000 HkeyProc Error #502 C0000005 on hotkey:  listas 'UE Combo' | clear $useue | set $messageleader 'Quero Tua Exp' | set $leadermessage 'fdp'| set $mpue 1200 | set $uespell 'exevo gran mas frigo' | foreach 'newmessages' $ue if [$ue.sender == '$messageleader' && $ue.content == '$leadermessage' && $ue.channel == 'Default'] set $useue 1 | if [$useue && $mp >= $mpue] {say '$uespell' | wait 900} command: if
10:13:40.109 HkeyProc Error #502 C0000005 on hotkey:  listas 'UE Combo' | clear $useue | set $messageleader 'Quero Tua Exp' | set $leadermessage 'fdp'| set $mpue 1200 | set $uespell 'exevo gran mas frigo' | foreach 'newmessages' $ue if [$ue.sender == '$messageleader' && $ue.content == '$leadermessage' && $ue.channel == 'Default'] set $useue 1 | if [$useue && $mp >= $mpue] {say '$uespell' | wait 900} command: if
10:13:45.687 HkeyProc Error #502 C0000005 on hotkey:  listas 'UE Combo' | clear $useue | set $messageleader 'Quero Tua Exp' | set $leadermessage 'fdp'| set $mpue 1200 | set $uespell 'exevo gran mas frigo' | foreach 'newmessages' $ue if [$ue.sender == '$messageleader' && $ue.content == '$leadermessage' && $ue.channel == 'Default'] set $useue 1 | if [$useue && $mp >= $mpue] {say '$uespell' | wait 900} command: if
10:13:50.718 HkeyProc Error #502 C0000005 on hotkey:  listas 'UE Combo' | clear $useue | set $messageleader 'Quero Tua Exp' | set $leadermessage 'fdp'| set $mpue 1200 | set $uespell 'exevo gran mas frigo' | foreach 'newmessages' $ue if [$ue.sender == '$messageleader' && $ue.content == '$leadermessage' && $ue.channel == 'Default'] set $useue 1 | if [$useue && $mp >= $mpue] {say '$uespell' | wait 900} command: if
10:15:01.593 HkeyProc Error #502 C0000005 on hotkey:  listas 'UE Combo' | clear $useue | set $messageleader 'Quero Tua Exp' | set $leadermessage 'fdp'| set $mpue 1200 | set $uespell 'exevo gran mas frigo' | foreach 'newmessages' $ue if [$ue.sender == '$messageleader' && $ue.content == '$leadermessage' && $ue.channel == 'Default'] set $useue 1 | if [$useue && $mp >= $mpue] {say '$uespell' | wait 900} command: if
10:16:19.031 HkeyProc Error #502 C0000005 on hotkey:  listas 'UE Combo' | clear $useue | set $messageleader 'Quero Tua Exp' | set $leadermessage 'fdp'| set $mpue 1200 | set $uespell 'exevo gran mas frigo' | foreach 'newmessages' $ue if [$ue.sender == '$messageleader' && $ue.content == '$leadermessage' && $ue.channel == 'Default'] set $useue 1 | if [$useue && $mp >= $mpue] {say '$uespell' | wait 900} command: if
10:16:24.390 HkeyProc Error #502 C0000005 on hotkey:  listas 'UE Combo' | clear $useue | set $messageleader 'Quero Tua Exp' | set $leadermessage 'fdp'| set $mpue 1200 | set $uespell 'exevo gran mas frigo' | foreach 'newmessages' $ue if [$ue.sender == '$messageleader' && $ue.content == '$leadermessage' && $ue.channel == 'Default'] set $useue 1 | if [$useue && $mp >= $mpue] {say '$uespell' | wait 900} command: if
10:17:22.359 HkeyProc Error #502 C0000005 on hotkey:  listas 'UE Combo' | clear $useue | set $messageleader 'Quero Tua Exp' | set $leadermessage 'fdp'| set $mpue 1200 | set $uespell 'exevo gran mas frigo' | foreach 'newmessages' $ue if [$ue.sender == '$messageleader' && $ue.content == '$leadermessage' && $ue.channel == 'Default'] set $useue 1 | if [$useue && $mp >= $mpue] {say '$uespell' | wait 900} command: if
10:17:22.468 HkeyProc Error #502 C0000005 on hotkey:  listas 'UE Combo' | clear $useue | set $messageleader 'Quero Tua Exp' | set $leadermessage 'fdp'| set $mpue 1200 | set $uespell 'exevo gran mas frigo' | foreach 'newmessages' $ue if [$ue.sender == '$messageleader' && $ue.content == '$leadermessage' && $ue.channel == 'Default'] set $useue 1 | if [$useue && $mp >= $mpue] {say '$uespell' | wait 900} command: if
10:18:00.859 HkeyProc Error #502 C0000005 on hotkey:  listas 'UE Combo' | clear $useue | set $messageleader 'Quero Tua Exp' | set $leadermessage 'fdp'| set $mpue 1200 | set $uespell 'exevo gran mas frigo' | foreach 'newmessages' $ue if [$ue.sender == '$messageleader' && $ue.content == '$leadermessage' && $ue.channel == 'Default'] set $useue 1 | if [$useue && $mp >= $mpue] {say '$uespell' | wait 900} command: if
10:18:31.703 HkeyProc Error #502 C0000005 on hotkey:  listas 'UE Combo' | clear $useue | set $messageleader 'Quero Tua Exp' | set $leadermessage 'fdp'| set $mpue 1200 | set $uespell 'exevo gran mas frigo' | foreach 'newmessages' $ue if [$ue.sender == '$messageleader' && $ue.content == '$leadermessage' && $ue.channel == 'Default'] set $useue 1 | if [$useue && $mp >= $mpue] {say '$uespell' | wait 900} command: if
10:19:08.906 HkeyProc Error #502 C0000005 on hotkey:  listas 'UE Combo' | clear $useue | set $messageleader 'Quero Tua Exp' | set $leadermessage 'fdp'| set $mpue 1200 | set $uespell 'exevo gran mas frigo' | foreach 'newmessages' $ue if [$ue.sender == '$messageleader' && $ue.content == '$leadermessage' && $ue.channel == 'Default'] set $useue 1 | if [$useue && $mp >= $mpue] {say '$uespell' | wait 900} command: if
10:19:52.750 HkeyProc Error #502 C0000005 on hotkey:  listas 'UE Combo' | clear $useue | set $messageleader 'Quero Tua Exp' | set $leadermessage 'fdp'| set $mpue 1200 | set $uespell 'exevo gran mas frigo' | foreach 'newmessages' $ue if [$ue.sender == '$messageleader' && $ue.content == '$leadermessage' && $ue.channel == 'Default'] set $useue 1 | if [$useue && $mp >= $mpue] {say '$uespell' | wait 900} command: if
10:20:06.203 HkeyProc Error #502 C0000005 on hotkey:  listas 'UE Combo' | clear $useue | set $messageleader 'Quero Tua Exp' | set $leadermessage 'fdp'| set $mpue 1200 | set $uespell 'exevo gran mas frigo' | foreach 'newmessages' $ue if [$ue.sender == '$messageleader' && $ue.content == '$leadermessage' && $ue.channel == 'Default'] set $useue 1 | if [$useue && $mp >= $mpue] {say '$uespell' | wait 900} command: if
10:20:11.906 HkeyProc Error #502 C0000005 on hotkey:  listas 'UE Combo' | clear $useue | set $messageleader 'Quero Tua Exp' | set $leadermessage 'fdp'| set $mpue 1200 | set $uespell 'exevo gran mas frigo' | foreach 'newmessages' $ue if [$ue.sender == '$messageleader' && $ue.content == '$leadermessage' && $ue.channel == 'Default'] set $useue 1 | if [$useue && $mp >= $mpue] {say '$uespell' | wait 900} command: if
10:20:26.000 HkeyProc Error #502 C0000005 on hotkey:  listas 'UE Combo' | clear $useue | set $messageleader 'Quero Tua Exp' | set $leadermessage 'fdp'| set $mpue 1200 | set $uespell 'exevo gran mas frigo' | foreach 'newmessages' $ue if [$ue.sender == '$messageleader' && $ue.content == '$leadermessage' && $ue.channel == 'Default'] set $useue 1 | if [$useue && $mp >= $mpue] {say '$uespell' | wait 900} command: if
10:20:32.781 HkeyProc Error #502 C0000005 on hotkey:  listas 'UE Combo' | clear $useue | set $messageleader 'Quero Tua Exp' | set $leadermessage 'fdp'| set $mpue 1200 | set $uespell 'exevo gran mas frigo' | foreach 'newmessages' $ue if [$ue.sender == '$messageleader' && $ue.content == '$leadermessage' && $ue.channel == 'Default'] set $useue 1 | if [$useue && $mp >= $mpue] {say '$uespell' | wait 900} command: if
10:20:37.812 HkeyProc Error #502 C0000005 on hotkey:  listas 'UE Combo' | clear $useue | set $messageleader 'Quero Tua Exp' | set $leadermessage 'fdp'| set $mpue 1200 | set $uespell 'exevo gran mas frigo' | foreach 'newmessages' $ue if [$ue.sender == '$messageleader' && $ue.content == '$leadermessage' && $ue.channel == 'Default'] set $useue 1 | if [$useue && $mp >= $mpue] {say '$uespell' | wait 900} command: if
10:20:40.437 HkeyProc Error #502 C0000005 on hotkey:  listas 'UE Combo' | clear $useue | set $messageleader 'Quero Tua Exp' | set $leadermessage 'fdp'| set $mpue 1200 | set $uespell 'exevo gran mas frigo' | foreach 'newmessages' $ue if [$ue.sender == '$messageleader' && $ue.content == '$leadermessage' && $ue.channel == 'Default'] set $useue 1 | if [$useue && $mp >= $mpue] {say '$uespell' | wait 900} command: if
10:20:52.921 HkeyProc Error #502 C0000005 on hotkey:  listas 'UE Combo' | clear $useue | set $messageleader 'Quero Tua Exp' | set $leadermessage 'fdp'| set $mpue 1200 | set $uespell 'exevo gran mas frigo' | foreach 'newmessages' $ue if [$ue.sender == '$messageleader' && $ue.content == '$leadermessage' && $ue.channel == 'Default'] set $useue 1 | if [$useue && $mp >= $mpue] {say '$uespell' | wait 900} command: if
11:54:23.953 HkeyProc Error #502 C0000005 on hotkey:  listas 'UE Combo' | clear $useue | set $messageleader 'Quero Tua Exp' | set $leadermessage 'fdp'| set $mpue 1200 | set $uespell 'exevo gran mas frigo' | foreach 'newmessages' $ue if [$ue.sender == '$messageleader' && $ue.content == '$leadermessage' && $ue.channel == 'Default'] set $useue 1 | if [$useue && $mp >= $mpue] {say '$uespell' | wait 900} command: if
11:54:26.906 HkeyProc Error #502 C0000005 on hotkey:  listas 'UE Combo' | clear $useue | set $messageleader 'Quero Tua Exp' | set $leadermessage 'fdp'| set $mpue 1200 | set $uespell 'exevo gran mas frigo' | foreach 'newmessages' $ue if [$ue.sender == '$messageleader' && $ue.content == '$leadermessage' && $ue.channel == 'Default'] set $useue 1 | if [$useue && $mp >= $mpue] {say '$uespell' | wait 900} command: if
11:54:26.343 HkeyProc Error #502 C0000005 on hotkey:  listas 'UE Combo' | clear $useue | set $messageleader 'Quero Tua Exp' | set $leadermessage 'fdp'| set $mpue 1200 | set $uespell 'exevo gran mas frigo' | foreach 'newmessages' $ue if [$ue.sender == '$messageleader' && $ue.content == '$leadermessage' && $ue.channel == 'Default'] set $useue 1 | if [$useue && $mp >= $mpue] {say '$uespell' | wait 900} command: if
11:54:31.484 HkeyProc Error #502 C0000005 on hotkey:  listas 'UE Combo' | clear $useue | set $messageleader 'Quero Tua Exp' | set $leadermessage 'fdp'| set $mpue 1200 | set $uespell 'exevo gran mas frigo' | foreach 'newmessages' $ue if [$ue.sender == '$messageleader' && $ue.content == '$leadermessage' && $ue.channel == 'Default'] set $useue 1 | if [$useue && $mp >= $mpue] {say '$uespell' | wait 900} command: if
11:54:32.796 HkeyProc Error #502 C0000005 on hotkey:  listas 'UE Combo' | clear $useue | set $messageleader 'Quero Tua Exp' | set $leadermessage 'fdp'| set $mpue 1200 | set $uespell 'exevo gran mas frigo' | foreach 'newmessages' $ue if [$ue.sender == '$messageleader' && $ue.content == '$leadermessage' && $ue.channel == 'Default'] set $useue 1 | if [$useue && $mp >= $mpue] {say '$uespell' | wait 900} command: if
11:54:35.859 HkeyProc Error #502 C0000005 on hotkey:  listas 'UE Combo' | clear $useue | set $messageleader 'Quero Tua Exp' | set $leadermessage 'fdp'| set $mpue 1200 | set $uespell 'exevo gran mas frigo' | foreach 'newmessages' $ue if [$ue.sender == '$messageleader' && $ue.content == '$leadermessage' && $ue.channel == 'Default'] set $useue 1 | if [$useue && $mp >= $mpue] {say '$uespell' | wait 900} command: if
11:55:17.203 HkeyProc Error #502 C0000005 on hotkey:  listas 'UE Combo' | clear $useue | set $messageleader 'Quero Tua Exp' | set $leadermessage 'fdp'| set $mpue 1200 | set $uespell 'exevo gran mas frigo' | foreach 'newmessages' $ue if [$ue.sender == '$messageleader' && $ue.content == '$leadermessage' && $ue.channel == 'Default'] set $useue 1 | if [$useue && $mp >= $mpue] {say '$uespell' | wait 900} command: if
11:55:39.406 HkeyProc Error #502 C0000005 on hotkey:  listas 'UE Combo' | clear $useue | set $messageleader 'Quero Tua Exp' | set $leadermessage 'fdp'| set $mpue 1200 | set $uespell 'exevo gran mas frigo' | foreach 'newmessages' $ue if [$ue.sender == '$messageleader' && $ue.content == '$leadermessage' && $ue.channel == 'Default'] set $useue 1 | if [$useue && $mp >= $mpue] {say '$uespell' | wait 900} command: if
11:56:39.125 HkeyProc Error #502 C0000005 on hotkey:  listas 'UE Combo' | clear $useue | set $messageleader 'Quero Tua Exp' | set $leadermessage 'fdp'| set $mpue 1200 | set $uespell 'exevo gran mas frigo' | foreach 'newmessages' $ue if [$ue.sender == '$messageleader' && $ue.content == '$leadermessage' && $ue.channel == 'Default'] set $useue 1 | if [$useue && $mp >= $mpue] {say '$uespell' | wait 900} command: if
11:56:55.312 HkeyProc Error #502 C0000005 on hotkey:  listas 'UE Combo' | clear $useue | set $messageleader 'Quero Tua Exp' | set $leadermessage 'fdp'| set $mpue 1200 | set $uespell 'exevo gran mas frigo' | foreach 'newmessages' $ue if [$ue.sender == '$messageleader' && $ue.content == '$leadermessage' && $ue.channel == 'Default'] set $useue 1 | if [$useue && $mp >= $mpue] {say '$uespell' | wait 900} command: if
11:57:26.375 HkeyProc Error #502 C0000005 on hotkey:  listas 'UE Combo' | clear $useue | set $messageleader 'Quero Tua Exp' | set $leadermessage 'fdp'| set $mpue 1200 | set $uespell 'exevo gran mas frigo' | foreach 'newmessages' $ue if [$ue.sender == '$messageleader' && $ue.content == '$leadermessage' && $ue.channel == 'Default'] set $useue 1 | if [$useue && $mp >= $mpue] {say '$uespell' | wait 900} command: if
11:59:16.734 HkeyProc Error #502 C0000005 on hotkey:  listas 'UE Combo' | clear $useue | set $messageleader 'Quero Tua Exp' | set $leadermessage 'fdp'| set $mpue 1200 | set $uespell 'exevo gran mas frigo' | foreach 'newmessages' $ue if [$ue.sender == '$messageleader' && $ue.content == '$leadermessage' && $ue.channel == 'Default'] set $useue 1 | if [$useue && $mp >= $mpue] {say '$uespell' | wait 900} command: if
11:59:20.234 HkeyProc Error #502 C0000005 on hotkey:  listas 'UE Combo' | clear $useue | set $messageleader 'Quero Tua Exp' | set $leadermessage 'fdp'| set $mpue 1200 | set $uespell 'exevo gran mas frigo' | foreach 'newmessages' $ue if [$ue.sender == '$messageleader' && $ue.content == '$leadermessage' && $ue.channel == 'Default'] set $useue 1 | if [$useue && $mp >= $mpue] {say '$uespell' | wait 900} command: if
11:59:44.734 HkeyProc Error #502 C0000005 on hotkey:  listas 'UE Combo' | clear $useue | set $messageleader 'Quero Tua Exp' | set $leadermessage 'fdp'| set $mpue 1200 | set $uespell 'exevo gran mas frigo' | foreach 'newmessages' $ue if [$ue.sender == '$messageleader' && $ue.content == '$leadermessage' && $ue.channel == 'Default'] set $useue 1 | if [$useue && $mp >= $mpue] {say '$uespell' | wait 900} command: if
11:59:47.796 HkeyProc Error #502 C0000005 on hotkey:  listas 'UE Combo' | clear $useue | set $messageleader 'Quero Tua Exp' | set $leadermessage 'fdp'| set $mpue 1200 | set $uespell 'exevo gran mas frigo' | foreach 'newmessages' $ue if [$ue.sender == '$messageleader' && $ue.content == '$leadermessage' && $ue.channel == 'Default'] set $useue 1 | if [$useue && $mp >= $mpue] {say '$uespell' | wait 900} command: if
11:59:56.000 HkeyProc Error #502 C0000005 on hotkey:  listas 'UE Combo' | clear $useue | set $messageleader 'Quero Tua Exp' | set $leadermessage 'fdp'| set $mpue 1200 | set $uespell 'exevo gran mas frigo' | foreach 'newmessages' $ue if [$ue.sender == '$messageleader' && $ue.content == '$leadermessage' && $ue.channel == 'Default'] set $useue 1 | if [$useue && $mp >= $mpue] {say '$uespell' | wait 900} command: if
12:00:01.796 HkeyProc Error #502 C0000005 on hotkey:  listas 'UE Combo' | clear $useue | set $messageleader 'Quero Tua Exp' | set $leadermessage 'fdp'| set $mpue 1200 | set $uespell 'exevo gran mas frigo' | foreach 'newmessages' $ue if [$ue.sender == '$messageleader' && $ue.content == '$leadermessage' && $ue.channel == 'Default'] set $useue 1 | if [$useue && $mp >= $mpue] {say '$uespell' | wait 900} command: if
12:00:12.968 HkeyProc Error #502 C0000005 on hotkey:  listas 'UE Combo' | clear $useue | set $messageleader 'Quero Tua Exp' | set $leadermessage 'fdp'| set $mpue 1200 | set $uespell 'exevo gran mas frigo' | foreach 'newmessages' $ue if [$ue.sender == '$messageleader' && $ue.content == '$leadermessage' && $ue.channel == 'Default'] set $useue 1 | if [$useue && $mp >= $mpue] {say '$uespell' | wait 900} command: if
12:00:27.500 HkeyProc Error #502 C0000005 on hotkey:  listas 'UE Combo' | clear $useue | set $messageleader 'Quero Tua Exp' | set $leadermessage 'fdp'| set $mpue 1200 | set $uespell 'exevo gran mas frigo' | foreach 'newmessages' $ue if [$ue.sender == '$messageleader' && $ue.content == '$leadermessage' && $ue.channel == 'Default'] set $useue 1 | if [$useue && $mp >= $mpue] {say '$uespell' | wait 900} command: if
12:00:37.234 HkeyProc Error #502 C0000005 on hotkey:  listas 'UE Combo' | clear $useue | set $messageleader 'Quero Tua Exp' | set $leadermessage 'fdp'| set $mpue 1200 | set $uespell 'exevo gran mas frigo' | foreach 'newmessages' $ue if [$ue.sender == '$messageleader' && $ue.content == '$leadermessage' && $ue.channel == 'Default'] set $useue 1 | if [$useue && $mp >= $mpue] {say '$uespell' | wait 900} command: if
12:01:40.125 HkeyProc Error #502 C0000005 on hotkey:  listas 'UE Combo' | clear $useue | set $messageleader 'Quero Tua Exp' | set $leadermessage 'fdp'| set $mpue 1200 | set $uespell 'exevo gran mas frigo' | foreach 'newmessages' $ue if [$ue.sender == '$messageleader' && $ue.content == '$leadermessage' && $ue.channel == 'Default'] set $useue 1 | if [$useue && $mp >= $mpue] {say '$uespell' | wait 900} command: if
12:01:40.671 HkeyProc Error #502 C0000005 on hotkey:  listas 'UE Combo' | clear $useue | set $messageleader 'Quero Tua Exp' | set $leadermessage 'fdp'| set $mpue 1200 | set $uespell 'exevo gran mas frigo' | foreach 'newmessages' $ue if [$ue.sender == '$messageleader' && $ue.content == '$leadermessage' && $ue.channel == 'Default'] set $useue 1 | if [$useue && $mp >= $mpue] {say '$uespell' | wait 900} command: if
12:02:04.515 HkeyProc Error #502 C0000005 on hotkey:  listas 'UE Combo' | clear $useue | set $messageleader 'Quero Tua Exp' | set $leadermessage 'fdp'| set $mpue 1200 | set $uespell 'exevo gran mas frigo' | foreach 'newmessages' $ue if [$ue.sender == '$messageleader' && $ue.content == '$leadermessage' && $ue.channel == 'Default'] set $useue 1 | if [$useue && $mp >= $mpue] {say '$uespell' | wait 900} command: if
12:02:15.906 HkeyProc Error #502 C0000005 on hotkey:  listas 'UE Combo' | clear $useue | set $messageleader 'Quero Tua Exp' | set $leadermessage 'fdp'| set $mpue 1200 | set $uespell 'exevo gran mas frigo' | foreach 'newmessages' $ue if [$ue.sender == '$messageleader' && $ue.content == '$leadermessage' && $ue.channel == 'Default'] set $useue 1 | if [$useue && $mp >= $mpue] {say '$uespell' | wait 900} command: if
12:02:40.953 HkeyProc Error #502 C0000005 on hotkey:  listas 'UE Combo' | clear $useue | set $messageleader 'Quero Tua Exp' | set $leadermessage 'fdp'| set $mpue 1200 | set $uespell 'exevo gran mas frigo' | foreach 'newmessages' $ue if [$ue.sender == '$messageleader' && $ue.content == '$leadermessage' && $ue.channel == 'Default'] set $useue 1 | if [$useue && $mp >= $mpue] {say '$uespell' | wait 900} command: if
12:02:41.265 HkeyProc Error #502 C0000005 on hotkey:  listas 'UE Combo' | clear $useue | set $messageleader 'Quero Tua Exp' | set $leadermessage 'fdp'| set $mpue 1200 | set $uespell 'exevo gran mas frigo' | foreach 'newmessages' $ue if [$ue.sender == '$messageleader' && $ue.content == '$leadermessage' && $ue.channel == 'Default'] set $useue 1 | if [$useue && $mp >= $mpue] {say '$uespell' | wait 900} command: if
12:02:52.531 HkeyProc Error #502 C0000005 on hotkey:  listas 'UE Combo' | clear $useue | set $messageleader 'Quero Tua Exp' | set $leadermessage 'fdp'| set $mpue 1200 | set $uespell 'exevo gran mas frigo' | foreach 'newmessages' $ue if [$ue.sender == '$messageleader' && $ue.content == '$leadermessage' && $ue.channel == 'Default'] set $useue 1 | if [$useue && $mp >= $mpue] {say '$uespell' | wait 900} command: if
12:03:21.187 HkeyProc Error #502 C0000005 on hotkey:  listas 'UE Combo' | clear $useue | set $messageleader 'Quero Tua Exp' | set $leadermessage 'fdp'| set $mpue 1200 | set $uespell 'exevo gran mas frigo' | foreach 'newmessages' $ue if [$ue.sender == '$messageleader' && $ue.content == '$leadermessage' && $ue.channel == 'Default'] set $useue 1 | if [$useue && $mp >= $mpue] {say '$uespell' | wait 900} command: if
12:03:28.734 HkeyProc Error #502 C0000005 on hotkey:  listas 'UE Combo' | clear $useue | set $messageleader 'Quero Tua Exp' | set $leadermessage 'fdp'| set $mpue 1200 | set $uespell 'exevo gran mas frigo' | foreach 'newmessages' $ue if [$ue.sender == '$messageleader' && $ue.content == '$leadermessage' && $ue.channel == 'Default'] set $useue 1 | if [$useue && $mp >= $mpue] {say '$uespell' | wait 900} command: if
12:03:49.187 HkeyProc Error #502 C0000005 on hotkey:  listas 'UE Combo' | clear $useue | set $messageleader 'Quero Tua Exp' | set $leadermessage 'fdp'| set $mpue 1200 | set $uespell 'exevo gran mas frigo' | foreach 'newmessages' $ue if [$ue.sender == '$messageleader' && $ue.content == '$leadermessage' && $ue.channel == 'Default'] set $useue 1 | if [$useue && $mp >= $mpue] {say '$uespell' | wait 900} command: if
12:04:17.187 HkeyProc Error #502 C0000005 on hotkey:  listas 'UE Combo' | clear $useue | set $messageleader 'Quero Tua Exp' | set $leadermessage 'fdp'| set $mpue 1200 | set $uespell 'exevo gran mas frigo' | foreach 'newmessages' $ue if [$ue.sender == '$messageleader' && $ue.content == '$leadermessage' && $ue.channel == 'Default'] set $useue 1 | if [$useue && $mp >= $mpue] {say '$uespell' | wait 900} command: if
12:04:22.328 HkeyProc Error #502 C0000005 on hotkey:  listas 'UE Combo' | clear $useue | set $messageleader 'Quero Tua Exp' | set $leadermessage 'fdp'| set $mpue 1200 | set $uespell 'exevo gran mas frigo' | foreach 'newmessages' $ue if [$ue.sender == '$messageleader' && $ue.content == '$leadermessage' && $ue.channel == 'Default'] set $useue 1 | if [$useue && $mp >= $mpue] {say '$uespell' | wait 900} command: if
12:04:58.312 HkeyProc Error #502 C0000005 on hotkey:  listas 'UE Combo' | clear $useue | set $messageleader 'Quero Tua Exp' | set $leadermessage 'fdp'| set $mpue 1200 | set $uespell 'exevo gran mas frigo' | foreach 'newmessages' $ue if [$ue.sender == '$messageleader' && $ue.content == '$leadermessage' && $ue.channel == 'Default'] set $useue 1 | if [$useue && $mp >= $mpue] {say '$uespell' | wait 900} command: if
12:05:12.093 HkeyProc Error #502 C0000005 on hotkey:  listas 'UE Combo' | clear $useue | set $messageleader 'Quero Tua Exp' | set $leadermessage 'fdp'| set $mpue 1200 | set $uespell 'exevo gran mas frigo' | foreach 'newmessages' $ue if [$ue.sender == '$messageleader' && $ue.content == '$leadermessage' && $ue.channel == 'Default'] set $useue 1 | if [$useue && $mp >= $mpue] {say '$uespell' | wait 900} command: if
12:05:59.125 HkeyProc Error #502 C0000005 on hotkey:  listas 'UE Combo' | clear $useue | set $messageleader 'Quero Tua Exp' | set $leadermessage 'fdp'| set $mpue 1200 | set $uespell 'exevo gran mas frigo' | foreach 'newmessages' $ue if [$ue.sender == '$messageleader' && $ue.content == '$leadermessage' && $ue.channel == 'Default'] set $useue 1 | if [$useue && $mp >= $mpue] {say '$uespell' | wait 900} command: if
12:06:51.296 HkeyProc Error #502 C0000005 on hotkey:  listas 'UE Combo' | clear $useue | set $messageleader 'Quero Tua Exp' | set $leadermessage 'fdp'| set $mpue 1200 | set $uespell 'exevo gran mas frigo' | foreach 'newmessages' $ue if [$ue.sender == '$messageleader' && $ue.content == '$leadermessage' && $ue.channel == 'Default'] set $useue 1 | if [$useue && $mp >= $mpue] {say '$uespell' | wait 900} command: if
12:08:46.796 HkeyProc Error #502 C0000005 on hotkey:  listas 'UE Combo' | clear $useue | set $messageleader 'Quero Tua Exp' | set $leadermessage 'fdp'| set $mpue 1200 | set $uespell 'exevo gran mas frigo' | foreach 'newmessages' $ue if [$ue.sender == '$messageleader' && $ue.content == '$leadermessage' && $ue.channel == 'Default'] set $useue 1 | if [$useue && $mp >= $mpue] {say '$uespell' | wait 900} command: if
12:08:54.234 HkeyProc Error #502 C0000005 on hotkey:  listas 'UE Combo' | clear $useue | set $messageleader 'Quero Tua Exp' | set $leadermessage 'fdp'| set $mpue 1200 | set $uespell 'exevo gran mas frigo' | foreach 'newmessages' $ue if [$ue.sender == '$messageleader' && $ue.content == '$leadermessage' && $ue.channel == 'Default'] set $useue 1 | if [$useue && $mp >= $mpue] {say '$uespell' | wait 900} command: if
12:09:08.906 HkeyProc Error #502 C0000005 on hotkey:  listas 'UE Combo' | clear $useue | set $messageleader 'Quero Tua Exp' | set $leadermessage 'fdp'| set $mpue 1200 | set $uespell 'exevo gran mas frigo' | foreach 'newmessages' $ue if [$ue.sender == '$messageleader' && $ue.content == '$leadermessage' && $ue.channel == 'Default'] set $useue 1 | if [$useue && $mp >= $mpue] {say '$uespell' | wait 900} command: if
12:10:22.390 HkeyProc Error #502 C0000005 on hotkey:  listas 'UE Combo' | clear $useue | set $messageleader 'Quero Tua Exp' | set $leadermessage 'fdp'| set $mpue 1200 | set $uespell 'exevo gran mas frigo' | foreach 'newmessages' $ue if [$ue.sender == '$messageleader' && $ue.content == '$leadermessage' && $ue.channel == 'Default'] set $useue 1 | if [$useue && $mp >= $mpue] {say '$uespell' | wait 900} command: if
12:10:54.656 HkeyProc Error #502 C0000005 on hotkey:  listas 'UE Combo' | clear $useue | set $messageleader 'Quero Tua Exp' | set $leadermessage 'fdp'| set $mpue 1200 | set $uespell 'exevo gran mas frigo' | foreach 'newmessages' $ue if [$ue.sender == '$messageleader' && $ue.content == '$leadermessage' && $ue.channel == 'Default'] set $useue 1 | if [$useue && $mp >= $mpue] {say '$uespell' | wait 900} command: if
12:12:04.328 HkeyProc Error #502 C0000005 on hotkey:  listas 'UE Combo' | clear $useue | set $messageleader 'Quero Tua Exp' | set $leadermessage 'fdp'| set $mpue 1200 | set $uespell 'exevo gran mas frigo' | foreach 'newmessages' $ue if [$ue.sender == '$messageleader' && $ue.content == '$leadermessage' && $ue.channel == 'Default'] set $useue 1 | if [$useue && $mp >= $mpue] {say '$uespell' | wait 900} command: if
12:12:41.968 HkeyProc Error #502 C0000005 on hotkey:  listas 'UE Combo' | clear $useue | set $messageleader 'Quero Tua Exp' | set $leadermessage 'fdp'| set $mpue 1200 | set $uespell 'exevo gran mas frigo' | foreach 'newmessages' $ue if [$ue.sender == '$messageleader' && $ue.content == '$leadermessage' && $ue.channel == 'Default'] set $useue 1 | if [$useue && $mp >= $mpue] {say '$uespell' | wait 900} command: if
12:13:12.031 HkeyProc Error #502 C0000005 on hotkey:  listas 'UE Combo' | clear $useue | set $messageleader 'Quero Tua Exp' | set $leadermessage 'fdp'| set $mpue 1200 | set $uespell 'exevo gran mas frigo' | foreach 'newmessages' $ue if [$ue.sender == '$messageleader' && $ue.content == '$leadermessage' && $ue.channel == 'Default'] set $useue 1 | if [$useue && $mp >= $mpue] {say '$uespell' | wait 900} command: if
12:13:31.828 HkeyProc Error #502 C0000005 on hotkey:  listas 'UE Combo' | clear $useue | set $messageleader 'Quero Tua Exp' | set $leadermessage 'fdp'| set $mpue 1200 | set $uespell 'exevo gran mas frigo' | foreach 'newmessages' $ue if [$ue.sender == '$messageleader' && $ue.content == '$leadermessage' && $ue.channel == 'Default'] set $useue 1 | if [$useue && $mp >= $mpue] {say '$uespell' | wait 900} command: if
12:14:15.796 HkeyProc Error #502 C0000005 on hotkey:  listas 'UE Combo' | clear $useue | set $messageleader 'Quero Tua Exp' | set $leadermessage 'fdp'| set $mpue 1200 | set $uespell 'exevo gran mas frigo' | foreach 'newmessages' $ue if [$ue.sender == '$messageleader' && $ue.content == '$leadermessage' && $ue.channel == 'Default'] set $useue 1 | if [$useue && $mp >= $mpue] {say '$uespell' | wait 900} command: if
12:14:22.796 HkeyProc Error #502 C0000005 on hotkey:  listas 'UE Combo' | clear $useue | set $messageleader 'Quero Tua Exp' | set $leadermessage 'fdp'| set $mpue 1200 | set $uespell 'exevo gran mas frigo' | foreach 'newmessages' $ue if [$ue.sender == '$messageleader' && $ue.content == '$leadermessage' && $ue.channel == 'Default'] set $useue 1 | if [$useue && $mp >= $mpue] {say '$uespell' | wait 900} command: if
12:14:30.671 HkeyProc Error #502 C0000005 on hotkey:  listas 'UE Combo' | clear $useue | set $messageleader 'Quero Tua Exp' | set $leadermessage 'fdp'| set $mpue 1200 | set $uespell 'exevo gran mas frigo' | foreach 'newmessages' $ue if [$ue.sender == '$messageleader' && $ue.content == '$leadermessage' && $ue.channel == 'Default'] set $useue 1 | if [$useue && $mp >= $mpue] {say '$uespell' | wait 900} command: if
12:14:33.843 HkeyProc Error #502 C0000005 on hotkey:  listas 'UE Combo' | clear $useue | set $messageleader 'Quero Tua Exp' | set $leadermessage 'fdp'| set $mpue 1200 | set $uespell 'exevo gran mas frigo' | foreach 'newmessages' $ue if [$ue.sender == '$messageleader' && $ue.content == '$leadermessage' && $ue.channel == 'Default'] set $useue 1 | if [$useue && $mp >= $mpue] {say '$uespell' | wait 900} command: if
12:14:37.125 HkeyProc Error #502 C0000005 on hotkey:  listas 'UE Combo' | clear $useue | set $messageleader 'Quero Tua Exp' | set $leadermessage 'fdp'| set $mpue 1200 | set $uespell 'exevo gran mas frigo' | foreach 'newmessages' $ue if [$ue.sender == '$messageleader' && $ue.content == '$leadermessage' && $ue.channel == 'Default'] set $useue 1 | if [$useue && $mp >= $mpue] {say '$uespell' | wait 900} command: if
12:14:47.734 HkeyProc Error #502 C0000005 on hotkey:  listas 'UE Combo' | clear $useue | set $messageleader 'Quero Tua Exp' | set $leadermessage 'fdp'| set $mpue 1200 | set $uespell 'exevo gran mas frigo' | foreach 'newmessages' $ue if [$ue.sender == '$messageleader' && $ue.content == '$leadermessage' && $ue.channel == 'Default'] set $useue 1 | if [$useue && $mp >= $mpue] {say '$uespell' | wait 900} command: if
12:14:52.765 HkeyProc Error #502 C0000005 on hotkey:  listas 'UE Combo' | clear $useue | set $messageleader 'Quero Tua Exp' | set $leadermessage 'fdp'| set $mpue 1200 | set $uespell 'exevo gran mas frigo' | foreach 'newmessages' $ue if [$ue.sender == '$messageleader' && $ue.content == '$leadermessage' && $ue.channel == 'Default'] set $useue 1 | if [$useue && $mp >= $mpue] {say '$uespell' | wait 900} command: if
12:15:33.343 HkeyProc Error #502 C0000005 on hotkey:  listas 'UE Combo' | clear $useue | set $messageleader 'Quero Tua Exp' | set $leadermessage 'fdp'| set $mpue 1200 | set $uespell 'exevo gran mas frigo' | foreach 'newmessages' $ue if [$ue.sender == '$messageleader' && $ue.content == '$leadermessage' && $ue.channel == 'Default'] set $useue 1 | if [$useue && $mp >= $mpue] {say '$uespell' | wait 900} command: if
12:16:38.984 HkeyProc Error #502 C0000005 on hotkey:  listas 'UE Combo' | clear $useue | set $messageleader 'Quero Tua Exp' | set $leadermessage 'fdp'| set $mpue 1200 | set $uespell 'exevo gran mas frigo' | foreach 'newmessages' $ue if [$ue.sender == '$messageleader' && $ue.content == '$leadermessage' && $ue.channel == 'Default'] set $useue 1 | if [$useue && $mp >= $mpue] {say '$uespell' | wait 900} command: if
12:16:46.515 HkeyProc Error #502 C0000005 on hotkey:  listas 'UE Combo' | clear $useue | set $messageleader 'Quero Tua Exp' | set $leadermessage 'fdp'| set $mpue 1200 | set $uespell 'exevo gran mas frigo' | foreach 'newmessages' $ue if [$ue.sender == '$messageleader' && $ue.content == '$leadermessage' && $ue.channel == 'Default'] set $useue 1 | if [$useue && $mp >= $mpue] {say '$uespell' | wait 900} command: if
12:16:50.906 HkeyProc Error #502 C0000005 on hotkey:  listas 'UE Combo' | clear $useue | set $messageleader 'Quero Tua Exp' | set $leadermessage 'fdp'| set $mpue 1200 | set $uespell 'exevo gran mas frigo' | foreach 'newmessages' $ue if [$ue.sender == '$messageleader' && $ue.content == '$leadermessage' && $ue.channel == 'Default'] set $useue 1 | if [$useue && $mp >= $mpue] {say '$uespell' | wait 900} command: if
12:16:59.093 HkeyProc Error #502 C0000005 on hotkey:  listas 'UE Combo' | clear $useue | set $messageleader 'Quero Tua Exp' | set $leadermessage 'fdp'| set $mpue 1200 | set $uespell 'exevo gran mas frigo' | foreach 'newmessages' $ue if [$ue.sender == '$messageleader' && $ue.content == '$leadermessage' && $ue.channel == 'Default'] set $useue 1 | if [$useue && $mp >= $mpue] {say '$uespell' | wait 900} command: if
12:17:29.718 HkeyProc Error #502 C0000005 on hotkey:  listas 'UE Combo' | clear $useue | set $messageleader 'Quero Tua Exp' | set $leadermessage 'fdp'| set $mpue 1200 | set $uespell 'exevo gran mas frigo' | foreach 'newmessages' $ue if [$ue.sender == '$messageleader' && $ue.content == '$leadermessage' && $ue.channel == 'Default'] set $useue 1 | if [$useue && $mp >= $mpue] {say '$uespell' | wait 900} command: if
12:18:13.687 HkeyProc Error #502 C0000005 on hotkey:  listas 'UE Combo' | clear $useue | set $messageleader 'Quero Tua Exp' | set $leadermessage 'fdp'| set $mpue 1200 | set $uespell 'exevo gran mas frigo' | foreach 'newmessages' $ue if [$ue.sender == '$messageleader' && $ue.content == '$leadermessage' && $ue.channel == 'Default'] set $useue 1 | if [$useue && $mp >= $mpue] {say '$uespell' | wait 900} command: if
12:18:15.656 HkeyProc Error #502 C0000005 on hotkey:  listas 'UE Combo' | clear $useue | set $messageleader 'Quero Tua Exp' | set $leadermessage 'fdp'| set $mpue 1200 | set $uespell 'exevo gran mas frigo' | foreach 'newmessages' $ue if [$ue.sender == '$messageleader' && $ue.content == '$leadermessage' && $ue.channel == 'Default'] set $useue 1 | if [$useue && $mp >= $mpue] {say '$uespell' | wait 900} command: if
12:20:09.968 HkeyProc Error #502 C0000005 on hotkey:  listas 'UE Combo' | clear $useue | set $messageleader 'Quero Tua Exp' | set $leadermessage 'fdp'| set $mpue 1200 | set $uespell 'exevo gran mas frigo' | foreach 'newmessages' $ue if [$ue.sender == '$messageleader' && $ue.content == '$leadermessage' && $ue.channel == 'Default'] set $useue 1 | if [$useue && $mp >= $mpue] {say '$uespell' | wait 900} command: if
12:20:20.562 HkeyProc Error #502 C0000005 on hotkey:  listas 'UE Combo' | clear $useue | set $messageleader 'Quero Tua Exp' | set $leadermessage 'fdp'| set $mpue 1200 | set $uespell 'exevo gran mas frigo' | foreach 'newmessages' $ue if [$ue.sender == '$messageleader' && $ue.content == '$leadermessage' && $ue.channel == 'Default'] set $useue 1 | if [$useue && $mp >= $mpue] {say '$uespell' | wait 900} command: if
12:20:34.562 HkeyProc Error #502 C0000005 on hotkey:  listas 'UE Combo' | clear $useue | set $messageleader 'Quero Tua Exp' | set $leadermessage 'fdp'| set $mpue 1200 | set $uespell 'exevo gran mas frigo' | foreach 'newmessages' $ue if [$ue.sender == '$messageleader' && $ue.content == '$leadermessage' && $ue.channel == 'Default'] set $useue 1 | if [$useue && $mp >= $mpue] {say '$uespell' | wait 900} command: if
12:21:21.812 HkeyProc Error #502 C0000005 on hotkey:  listas 'UE Combo' | clear $useue | set $messageleader 'Quero Tua Exp' | set $leadermessage 'fdp'| set $mpue 1200 | set $uespell 'exevo gran mas frigo' | foreach 'newmessages' $ue if [$ue.sender == '$messageleader' && $ue.content == '$leadermessage' && $ue.channel == 'Default'] set $useue 1 | if [$useue && $mp >= $mpue] {say '$uespell' | wait 900} command: if
12:21:59.656 HkeyProc Error #502 C0000005 on hotkey:  listas 'UE Combo' | clear $useue | set $messageleader 'Quero Tua Exp' | set $leadermessage 'fdp'| set $mpue 1200 | set $uespell 'exevo gran mas frigo' | foreach 'newmessages' $ue if [$ue.sender == '$messageleader' && $ue.content == '$leadermessage' && $ue.channel == 'Default'] set $useue 1 | if [$useue && $mp >= $mpue] {say '$uespell' | wait 900} command: if
12:22:30.718 HkeyProc Error #502 C0000005 on hotkey:  listas 'UE Combo' | clear $useue | set $messageleader 'Quero Tua Exp' | set $leadermessage 'fdp'| set $mpue 1200 | set $uespell 'exevo gran mas frigo' | foreach 'newmessages' $ue if [$ue.sender == '$messageleader' && $ue.content == '$leadermessage' && $ue.channel == 'Default'] set $useue 1 | if [$useue && $mp >= $mpue] {say '$uespell' | wait 900} command: if
12:23:12.390 HkeyProc Error #502 C0000005 on hotkey:  listas 'UE Combo' | clear $useue | set $messageleader 'Quero Tua Exp' | set $leadermessage 'fdp'| set $mpue 1200 | set $uespell 'exevo gran mas frigo' | foreach 'newmessages' $ue if [$ue.sender == '$messageleader' && $ue.content == '$leadermessage' && $ue.channel == 'Default'] set $useue 1 | if [$useue && $mp >= $mpue] {say '$uespell' | wait 900} command: if
12:24:10.140 HkeyProc Error #502 C0000005 on hotkey:  listas 'UE Combo' | clear $useue | set $messageleader 'Quero Tua Exp' | set $leadermessage 'fdp'| set $mpue 1200 | set $uespell 'exevo gran mas frigo' | foreach 'newmessages' $ue if [$ue.sender == '$messageleader' && $ue.content == '$leadermessage' && $ue.channel == 'Default'] set $useue 1 | if [$useue && $mp >= $mpue] {say '$uespell' | wait 900} command: if
12:24:44.937 HkeyProc Error #502 C0000005 on hotkey:  listas 'UE Combo' | clear $useue | set $messageleader 'Quero Tua Exp' | set $leadermessage 'fdp'| set $mpue 1200 | set $uespell 'exevo gran mas frigo' | foreach 'newmessages' $ue if [$ue.sender == '$messageleader' && $ue.content == '$leadermessage' && $ue.channel == 'Default'] set $useue 1 | if [$useue && $mp >= $mpue] {say '$uespell' | wait 900} command: if
12:25:11.828 HkeyProc Error #502 C0000005 on hotkey:  listas 'UE Combo' | clear $useue | set $messageleader 'Quero Tua Exp' | set $leadermessage 'fdp'| set $mpue 1200 | set $uespell 'exevo gran mas frigo' | foreach 'newmessages' $ue if [$ue.sender == '$messageleader' && $ue.content == '$leadermessage' && $ue.channel == 'Default'] set $useue 1 | if [$useue && $mp >= $mpue] {say '$uespell' | wait 900} command: if
12:25:24.406 HkeyProc Error #502 C0000005 on hotkey:  listas 'UE Combo' | clear $useue | set $messageleader 'Quero Tua Exp' | set $leadermessage 'fdp'| set $mpue 1200 | set $uespell 'exevo gran mas frigo' | foreach 'newmessages' $ue if [$ue.sender == '$messageleader' && $ue.content == '$leadermessage' && $ue.channel == 'Default'] set $useue 1 | if [$useue && $mp >= $mpue] {say '$uespell' | wait 900} command: if
12:27:55.125 HkeyProc Error #502 C0000005 on hotkey:  listas 'UE Combo' | clear $useue | set $messageleader 'Quero Tua Exp' | set $leadermessage 'fdp'| set $mpue 1200 | set $uespell 'exevo gran mas frigo' | foreach 'newmessages' $ue if [$ue.sender == '$messageleader' && $ue.content == '$leadermessage' && $ue.channel == 'Default'] set $useue 1 | if [$useue && $mp >= $mpue] {say '$uespell' | wait 900} command: if
12:28:31.875 HkeyProc Error #502 C0000005 on hotkey:  listas 'UE Combo' | clear $useue | set $messageleader 'Quero Tua Exp' | set $leadermessage 'fdp'| set $mpue 1200 | set $uespell 'exevo gran mas frigo' | foreach 'newmessages' $ue if [$ue.sender == '$messageleader' && $ue.content == '$leadermessage' && $ue.channel == 'Default'] set $useue 1 | if [$useue && $mp >= $mpue] {say '$uespell' | wait 900} command: if
12:28:35.375 HkeyProc Error #502 C0000005 on hotkey:  listas 'UE Combo' | clear $useue | set $messageleader 'Quero Tua Exp' | set $leadermessage 'fdp'| set $mpue 1200 | set $uespell 'exevo gran mas frigo' | foreach 'newmessages' $ue if [$ue.sender == '$messageleader' && $ue.content == '$leadermessage' && $ue.channel == 'Default'] set $useue 1 | if [$useue && $mp >= $mpue] {say '$uespell' | wait 900} command: if
12:28:38.765 HkeyProc Error #502 C0000005 on hotkey:  listas 'UE Combo' | clear $useue | set $messageleader 'Quero Tua Exp' | set $leadermessage 'fdp'| set $mpue 1200 | set $uespell 'exevo gran mas frigo' | foreach 'newmessages' $ue if [$ue.sender == '$messageleader' && $ue.content == '$leadermessage' && $ue.channel == 'Default'] set $useue 1 | if [$useue && $mp >= $mpue] {say '$uespell' | wait 900} command: if
12:28:47.406 HkeyProc Error #502 C0000005 on hotkey:  listas 'UE Combo' | clear $useue | set $messageleader 'Quero Tua Exp' | set $leadermessage 'fdp'| set $mpue 1200 | set $uespell 'exevo gran mas frigo' | foreach 'newmessages' $ue if [$ue.sender == '$messageleader' && $ue.content == '$leadermessage' && $ue.channel == 'Default'] set $useue 1 | if [$useue && $mp >= $mpue] {say '$uespell' | wait 900} command: if
12:29:15.515 HkeyProc Error #502 C0000005 on hotkey:  listas 'UE Combo' | clear $useue | set $messageleader 'Quero Tua Exp' | set $leadermessage 'fdp'| set $mpue 1200 | set $uespell 'exevo gran mas frigo' | foreach 'newmessages' $ue if [$ue.sender == '$messageleader' && $ue.content == '$leadermessage' && $ue.channel == 'Default'] set $useue 1 | if [$useue && $mp >= $mpue] {say '$uespell' | wait 900} command: if
12:29:21.984 HkeyProc Error #502 C0000005 on hotkey:  listas 'UE Combo' | clear $useue | set $messageleader 'Quero Tua Exp' | set $leadermessage 'fdp'| set $mpue 1200 | set $uespell 'exevo gran mas frigo' | foreach 'newmessages' $ue if [$ue.sender == '$messageleader' && $ue.content == '$leadermessage' && $ue.channel == 'Default'] set $useue 1 | if [$useue && $mp >= $mpue] {say '$uespell' | wait 900} command: if
12:29:44.718 HkeyProc Error #502 C0000005 on hotkey:  listas 'UE Combo' | clear $useue | set $messageleader 'Quero Tua Exp' | set $leadermessage 'fdp'| set $mpue 1200 | set $uespell 'exevo gran mas frigo' | foreach 'newmessages' $ue if [$ue.sender == '$messageleader' && $ue.content == '$leadermessage' && $ue.channel == 'Default'] set $useue 1 | if [$useue && $mp >= $mpue] {say '$uespell' | wait 900} command: if
12:30:16.109 HkeyProc Error #502 C0000005 on hotkey:  listas 'UE Combo' | clear $useue | set $messageleader 'Quero Tua Exp' | set $leadermessage 'fdp'| set $mpue 1200 | set $uespell 'exevo gran mas frigo' | foreach 'newmessages' $ue if [$ue.sender == '$messageleader' && $ue.content == '$leadermessage' && $ue.channel == 'Default'] set $useue 1 | if [$useue && $mp >= $mpue] {say '$uespell' | wait 900} command: if
12:30:21.937 HkeyProc Error #502 C0000005 on hotkey:  listas 'UE Combo' | clear $useue | set $messageleader 'Quero Tua Exp' | set $leadermessage 'fdp'| set $mpue 1200 | set $uespell 'exevo gran mas frigo' | foreach 'newmessages' $ue if [$ue.sender == '$messageleader' && $ue.content == '$leadermessage' && $ue.channel == 'Default'] set $useue 1 | if [$useue && $mp >= $mpue] {say '$uespell' | wait 900} command: if
12:31:14.031 HkeyProc Error #502 C0000005 on hotkey:  listas 'UE Combo' | clear $useue | set $messageleader 'Quero Tua Exp' | set $leadermessage 'fdp'| set $mpue 1200 | set $uespell 'exevo gran mas frigo' | foreach 'newmessages' $ue if [$ue.sender == '$messageleader' && $ue.content == '$leadermessage' && $ue.channel == 'Default'] set $useue 1 | if [$useue && $mp >= $mpue] {say '$uespell' | wait 900} command: if
12:32:52.796 HkeyProc Error #502 C0000005 on hotkey:  listas 'UE Combo' | clear $useue | set $messageleader 'Quero Tua Exp' | set $leadermessage 'fdp'| set $mpue 1200 | set $uespell 'exevo gran mas frigo' | foreach 'newmessages' $ue if [$ue.sender == '$messageleader' && $ue.content == '$leadermessage' && $ue.channel == 'Default'] set $useue 1 | if [$useue && $mp >= $mpue] {say '$uespell' | wait 900} command: if
12:32:55.312 HkeyProc Error #502 C0000005 on hotkey:  listas 'UE Combo' | clear $useue | set $messageleader 'Quero Tua Exp' | set $leadermessage 'fdp'| set $mpue 1200 | set $uespell 'exevo gran mas frigo' | foreach 'newmessages' $ue if [$ue.sender == '$messageleader' && $ue.content == '$leadermessage' && $ue.channel == 'Default'] set $useue 1 | if [$useue && $mp >= $mpue] {say '$uespell' | wait 900} command: if
12:33:15.765 HkeyProc Error #502 C0000005 on hotkey:  listas 'UE Combo' | clear $useue | set $messageleader 'Quero Tua Exp' | set $leadermessage 'fdp'| set $mpue 1200 | set $uespell 'exevo gran mas frigo' | foreach 'newmessages' $ue if [$ue.sender == '$messageleader' && $ue.content == '$leadermessage' && $ue.channel == 'Default'] set $useue 1 | if [$useue && $mp >= $mpue] {say '$uespell' | wait 900} command: if
12:33:43.656 HkeyProc Error #502 C0000005 on hotkey:  listas 'UE Combo' | clear $useue | set $messageleader 'Quero Tua Exp' | set $leadermessage 'fdp'| set $mpue 1200 | set $uespell 'exevo gran mas frigo' | foreach 'newmessages' $ue if [$ue.sender == '$messageleader' && $ue.content == '$leadermessage' && $ue.channel == 'Default'] set $useue 1 | if [$useue && $mp >= $mpue] {say '$uespell' | wait 900} command: if
12:33:53.062 HkeyProc Error #502 C0000005 on hotkey:  listas 'UE Combo' | clear $useue | set $messageleader 'Quero Tua Exp' | set $leadermessage 'fdp'| set $mpue 1200 | set $uespell 'exevo gran mas frigo' | foreach 'newmessages' $ue if [$ue.sender == '$messageleader' && $ue.content == '$leadermessage' && $ue.channel == 'Default'] set $useue 1 | if [$useue && $mp >= $mpue] {say '$uespell' | wait 900} command: if
12:34:05.312 HkeyProc Error #502 C0000005 on hotkey:  listas 'UE Combo' | clear $useue | set $messageleader 'Quero Tua Exp' | set $leadermessage 'fdp'| set $mpue 1200 | set $uespell 'exevo gran mas frigo' | foreach 'newmessages' $ue if [$ue.sender == '$messageleader' && $ue.content == '$leadermessage' && $ue.channel == 'Default'] set $useue 1 | if [$useue && $mp >= $mpue] {say '$uespell' | wait 900} command: if
12:34:14.171 HkeyProc Error #502 C0000005 on hotkey:  listas 'UE Combo' | clear $useue | set $messageleader 'Quero Tua Exp' | set $leadermessage 'fdp'| set $mpue 1200 | set $uespell 'exevo gran mas frigo' | foreach 'newmessages' $ue if [$ue.sender == '$messageleader' && $ue.content == '$leadermessage' && $ue.channel == 'Default'] set $useue 1 | if [$useue && $mp >= $mpue] {say '$uespell' | wait 900} command: if
12:34:57.156 HkeyProc Error #502 C0000005 on hotkey:  listas 'UE Combo' | clear $useue | set $messageleader 'Quero Tua Exp' | set $leadermessage 'fdp'| set $mpue 1200 | set $uespell 'exevo gran mas frigo' | foreach 'newmessages' $ue if [$ue.sender == '$messageleader' && $ue.content == '$leadermessage' && $ue.channel == 'Default'] set $useue 1 | if [$useue && $mp >= $mpue] {say '$uespell' | wait 900} command: if
12:35:22.750 HkeyProc Error #502 C0000005 on hotkey:  listas 'UE Combo' | clear $useue | set $messageleader 'Quero Tua Exp' | set $leadermessage 'fdp'| set $mpue 1200 | set $uespell 'exevo gran mas frigo' | foreach 'newmessages' $ue if [$ue.sender == '$messageleader' && $ue.content == '$leadermessage' && $ue.channel == 'Default'] set $useue 1 | if [$useue && $mp >= $mpue] {say '$uespell' | wait 900} command: if
12:35:24.953 HkeyProc Error #502 C0000005 on hotkey:  listas 'UE Combo' | clear $useue | set $messageleader 'Quero Tua Exp' | set $leadermessage 'fdp'| set $mpue 1200 | set $uespell 'exevo gran mas frigo' | foreach 'newmessages' $ue if [$ue.sender == '$messageleader' && $ue.content == '$leadermessage' && $ue.channel == 'Default'] set $useue 1 | if [$useue && $mp >= $mpue] {say '$uespell' | wait 900} command: if
12:35:29.750 HkeyProc Error #502 C0000005 on hotkey:  listas 'UE Combo' | clear $useue | set $messageleader 'Quero Tua Exp' | set $leadermessage 'fdp'| set $mpue 1200 | set $uespell 'exevo gran mas frigo' | foreach 'newmessages' $ue if [$ue.sender == '$messageleader' && $ue.content == '$leadermessage' && $ue.channel == 'Default'] set $useue 1 | if [$useue && $mp >= $mpue] {say '$uespell' | wait 900} command: if
12:36:14.156 HkeyProc Error #502 C0000005 on hotkey:  listas 'UE Combo' | clear $useue | set $messageleader 'Quero Tua Exp' | set $leadermessage 'fdp'| set $mpue 1200 | set $uespell 'exevo gran mas frigo' | foreach 'newmessages' $ue if [$ue.sender == '$messageleader' && $ue.content == '$leadermessage' && $ue.channel == 'Default'] set $useue 1 | if [$useue && $mp >= $mpue] {say '$uespell' | wait 900} command: if
12:36:16.562 HkeyProc Error #502 C0000005 on hotkey:  listas 'UE Combo' | clear $useue | set $messageleader 'Quero Tua Exp' | set $leadermessage 'fdp'| set $mpue 1200 | set $uespell 'exevo gran mas frigo' | foreach 'newmessages' $ue if [$ue.sender == '$messageleader' && $ue.content == '$leadermessage' && $ue.channel == 'Default'] set $useue 1 | if [$useue && $mp >= $mpue] {say '$uespell' | wait 900} command: if
12:36:30.125 HkeyProc Error #502 C0000005 on hotkey:  listas 'UE Combo' | clear $useue | set $messageleader 'Quero Tua Exp' | set $leadermessage 'fdp'| set $mpue 1200 | set $uespell 'exevo gran mas frigo' | foreach 'newmessages' $ue if [$ue.sender == '$messageleader' && $ue.content == '$leadermessage' && $ue.channel == 'Default'] set $useue 1 | if [$useue && $mp >= $mpue] {say '$uespell' | wait 900} command: if
12:36:51.453 HkeyProc Error #502 C0000005 on hotkey:  listas 'UE Combo' | clear $useue | set $messageleader 'Quero Tua Exp' | set $leadermessage 'fdp'| set $mpue 1200 | set $uespell 'exevo gran mas frigo' | foreach 'newmessages' $ue if [$ue.sender == '$messageleader' && $ue.content == '$leadermessage' && $ue.channel == 'Default'] set $useue 1 | if [$useue && $mp >= $mpue] {say '$uespell' | wait 900} command: if
12:37:04.921 HkeyProc Error #502 C0000005 on hotkey:  listas 'UE Combo' | clear $useue | set $messageleader 'Quero Tua Exp' | set $leadermessage 'fdp'| set $mpue 1200 | set $uespell 'exevo gran mas frigo' | foreach 'newmessages' $ue if [$ue.sender == '$messageleader' && $ue.content == '$leadermessage' && $ue.channel == 'Default'] set $useue 1 | if [$useue && $mp >= $mpue] {say '$uespell' | wait 900} command: if
12:37:05.671 HkeyProc Error #502 C0000005 on hotkey:  listas 'UE Combo' | clear $useue | set $messageleader 'Quero Tua Exp' | set $leadermessage 'fdp'| set $mpue 1200 | set $uespell 'exevo gran mas frigo' | foreach 'newmessages' $ue if [$ue.sender == '$messageleader' && $ue.content == '$leadermessage' && $ue.channel == 'Default'] set $useue 1 | if [$useue && $mp >= $mpue] {say '$uespell' | wait 900} command: if
12:53:17.234 HkeyProc Error #502 C0000005 on hotkey:  listas 'UE Combo' | clear $useue | set $messageleader 'Quero Tua Exp' | set $leadermessage 'fdp'| set $mpue 1200 | set $uespell 'exevo gran mas frigo' | foreach 'newmessages' $ue if [$ue.sender == '$messageleader' && $ue.content == '$leadermessage' && $ue.channel == 'Default'] set $useue 1 | if [$useue && $mp >= $mpue] {say '$uespell' | wait 900} command: if
12:54:04.484 HkeyProc Error #502 C0000005 on hotkey:  listas 'UE Combo' | clear $useue | set $messageleader 'Quero Tua Exp' | set $leadermessage 'fdp'| set $mpue 1200 | set $uespell 'exevo gran mas frigo' | foreach 'newmessages' $ue if [$ue.sender == '$messageleader' && $ue.content == '$leadermessage' && $ue.channel == 'Default'] set $useue 1 | if [$useue && $mp >= $mpue] {say '$uespell' | wait 900} command: if
12:54:25.265 HkeyProc Error #502 C0000005 on hotkey:  listas 'UE Combo' | clear $useue | set $messageleader 'Quero Tua Exp' | set $leadermessage 'fdp'| set $mpue 1200 | set $uespell 'exevo gran mas frigo' | foreach 'newmessages' $ue if [$ue.sender == '$messageleader' && $ue.content == '$leadermessage' && $ue.channel == 'Default'] set $useue 1 | if [$useue && $mp >= $mpue] {say '$uespell' | wait 900} command: if
12:54:26.578 HkeyProc Error #502 C0000005 on hotkey:  listas 'UE Combo' | clear $useue | set $messageleader 'Quero Tua Exp' | set $leadermessage 'fdp'| set $mpue 1200 | set $uespell 'exevo gran mas frigo' | foreach 'newmessages' $ue if [$ue.sender == '$messageleader' && $ue.content == '$leadermessage' && $ue.channel == 'Default'] set $useue 1 | if [$useue && $mp >= $mpue] {say '$uespell' | wait 900} command: if
12:54:34.781 HkeyProc Error #502 C0000005 on hotkey:  listas 'UE Combo' | clear $useue | set $messageleader 'Quero Tua Exp' | set $leadermessage 'fdp'| set $mpue 1200 | set $uespell 'exevo gran mas frigo' | foreach 'newmessages' $ue if [$ue.sender == '$messageleader' && $ue.content == '$leadermessage' && $ue.channel == 'Default'] set $useue 1 | if [$useue && $mp >= $mpue] {say '$uespell' | wait 900} command: if
13:38:47.265 HkeyProc Error #502 C0000005 on hotkey:  listas 'UE Combo' | clear $useue | set $messageleader 'Quero Tua Exp' | set $leadermessage 'fdp'| set $mpue 1200 | set $uespell 'exevo gran mas frigo' | foreach 'newmessages' $ue if [$ue.sender == '$messageleader' && $ue.content == '$leadermessage' && $ue.channel == 'Default'] set $useue 1 | if [$useue && $mp >= $mpue] {say '$uespell' | wait 900} command: if
13:41:10.343 HkeyProc Error #502 C0000005 on hotkey:  listas 'UE Combo' | clear $useue | set $messageleader 'Quero Tua Exp' | set $leadermessage 'fdp'| set $mpue 1200 | set $uespell 'exevo gran mas frigo' | foreach 'newmessages' $ue if [$ue.sender == '$messageleader' && $ue.content == '$leadermessage' && $ue.channel == 'Default'] set $useue 1 | if [$useue && $mp >= $mpue] {say '$uespell' | wait 900} command: if
13:42:25.046 HkeyProc Error #502 C0000005 on hotkey:  listas 'UE Combo' | clear $useue | set $messageleader 'Quero Tua Exp' | set $leadermessage 'fdp'| set $mpue 1200 | set $uespell 'exevo gran mas frigo' | foreach 'newmessages' $ue if [$ue.sender == '$messageleader' && $ue.content == '$leadermessage' && $ue.channel == 'Default'] set $useue 1 | if [$useue && $mp >= $mpue] {say '$uespell' | wait 900} command: if
13:44:18.500 HkeyProc Error #502 C0000005 on hotkey:  listas 'UE Combo' | clear $useue | set $messageleader 'Quero Tua Exp' | set $leadermessage 'fdp'| set $mpue 1200 | set $uespell 'exevo gran mas frigo' | foreach 'newmessages' $ue if [$ue.sender == '$messageleader' && $ue.content == '$leadermessage' && $ue.channel == 'Default'] set $useue 1 | if [$useue && $mp >= $mpue] {say '$uespell' | wait 900} command: if
22:52:46.828 Elfbot NG 4.5.9 - Entry Started on quarta-feira abril 01, 2020
22:52:46.828 TickProc Error #492 C0000005
22:52:46.828 TickProc Error #492 C0000005
22:52:47.921 TickProc Error #492 C0000005
22:52:47.921 TickProc Error #492 C0000005
22:52:47.015 TickProc Error #492 C0000005
22:52:47.015 TickProc Error #492 C0000005
22:52:47.125 TickProc Error #492 C0000005
22:52:47.125 TickProc Error #492 C0000005
22:52:47.218 TickProc Error #492 C0000005
22:52:47.218 TickProc Error #492 C0000005
00:27:44.078 Elfbot NG 4.5.9 - Entry Started on quinta-feira abril 02, 2020
00:27:44.093 HkeyProc Error #502 C0000005 on hotkey:  listas 'UE Combo' | clear $useue | set $messageleader 'Quero Tua Exp' | set $leadermessage 'fdp'| set $mpue 1200 | set $uespell 'exevo gran mas frigo' | foreach 'newmessages' $ue if [$ue.sender == '$messageleader' && $ue.content == '$leadermessage' && $ue.channel == 'Default'] set $useue 1 | if [$useue && $mp >= $mpue] {say '$uespell' | wait 900} command: if
00:28:11.203 HkeyProc Error #502 C0000005 on hotkey:  listas 'UE Combo' | clear $useue | set $messageleader 'Quero Tua Exp' | set $leadermessage 'fdp'| set $mpue 1200 | set $uespell 'exevo gran mas frigo' | foreach 'newmessages' $ue if [$ue.sender == '$messageleader' && $ue.content == '$leadermessage' && $ue.channel == 'Default'] set $useue 1 | if [$useue && $mp >= $mpue] {say '$uespell' | wait 900} command: if
00:28:21.265 HkeyProc Error #502 C0000005 on hotkey:  listas 'UE Combo' | clear $useue | set $messageleader 'Quero Tua Exp' | set $leadermessage 'fdp'| set $mpue 1200 | set $uespell 'exevo gran mas frigo' | foreach 'newmessages' $ue if [$ue.sender == '$messageleader' && $ue.content == '$leadermessage' && $ue.channel == 'Default'] set $useue 1 | if [$useue && $mp >= $mpue] {say '$uespell' | wait 900} command: if
00:30:42.031 HkeyProc Error #502 C0000005 on hotkey:  listas 'UE Combo' | clear $useue | set $messageleader 'Quero Tua Exp' | set $leadermessage 'fdp'| set $mpue 1200 | set $uespell 'exevo gran mas frigo' | foreach 'newmessages' $ue if [$ue.sender == '$messageleader' && $ue.content == '$leadermessage' && $ue.channel == 'Default'] set $useue 1 | if [$useue && $mp >= $mpue] {say '$uespell' | wait 900} command: if
00:30:48.484 HkeyProc Error #502 C0000005 on hotkey:  listas 'UE Combo' | clear $useue | set $messageleader 'Quero Tua Exp' | set $leadermessage 'fdp'| set $mpue 1200 | set $uespell 'exevo gran mas frigo' | foreach 'newmessages' $ue if [$ue.sender == '$messageleader' && $ue.content == '$leadermessage' && $ue.channel == 'Default'] set $useue 1 | if [$useue && $mp >= $mpue] {say '$uespell' | wait 900} command: if
00:31:51.812 HkeyProc Error #502 C0000005 on hotkey:  listas 'UE Combo' | clear $useue | set $messageleader 'Quero Tua Exp' | set $leadermessage 'fdp'| set $mpue 1200 | set $uespell 'exevo gran mas frigo' | foreach 'newmessages' $ue if [$ue.sender == '$messageleader' && $ue.content == '$leadermessage' && $ue.channel == 'Default'] set $useue 1 | if [$useue && $mp >= $mpue] {say '$uespell' | wait 900} command: if
00:33:49.609 HkeyProc Error #502 C0000005 on hotkey:  listas 'UE Combo' | clear $useue | set $messageleader 'Quero Tua Exp' | set $leadermessage 'fdp'| set $mpue 1200 | set $uespell 'exevo gran mas frigo' | foreach 'newmessages' $ue if [$ue.sender == '$messageleader' && $ue.content == '$leadermessage' && $ue.channel == 'Default'] set $useue 1 | if [$useue && $mp >= $mpue] {say '$uespell' | wait 900} command: if
00:34:43.531 HkeyProc Error #502 C0000005 on hotkey:  listas 'UE Combo' | clear $useue | set $messageleader 'Quero Tua Exp' | set $leadermessage 'fdp'| set $mpue 1200 | set $uespell 'exevo gran mas frigo' | foreach 'newmessages' $ue if [$ue.sender == '$messageleader' && $ue.content == '$leadermessage' && $ue.channel == 'Default'] set $useue 1 | if [$useue && $mp >= $mpue] {say '$uespell' | wait 900} command: if
00:34:59.171 HkeyProc Error #502 C0000005 on hotkey:  listas 'UE Combo' | clear $useue | set $messageleader 'Quero Tua Exp' | set $leadermessage 'fdp'| set $mpue 1200 | set $uespell 'exevo gran mas frigo' | foreach 'newmessages' $ue if [$ue.sender == '$messageleader' && $ue.content == '$leadermessage' && $ue.channel == 'Default'] set $useue 1 | if [$useue && $mp >= $mpue] {say '$uespell' | wait 900} command: if
00:45:17.625 HkeyProc Error #502 C0000005 on hotkey:  listas 'UE Combo' | clear $useue | set $messageleader 'Quero Tua Exp' | set $leadermessage 'fdp'| set $mpue 1200 | set $uespell 'exevo gran mas frigo' | foreach 'newmessages' $ue if [$ue.sender == '$messageleader' && $ue.content == '$leadermessage' && $ue.channel == 'Default'] set $useue 1 | if [$useue && $mp >= $mpue] {say '$uespell' | wait 900} command: if
00:46:24.234 HkeyProc Error #502 C0000005 on hotkey:  listas 'UE Combo' | clear $useue | set $messageleader 'Quero Tua Exp' | set $leadermessage 'fdp'| set $mpue 1200 | set $uespell 'exevo gran mas frigo' | foreach 'newmessages' $ue if [$ue.sender == '$messageleader' && $ue.content == '$leadermessage' && $ue.channel == 'Default'] set $useue 1 | if [$useue && $mp >= $mpue] {say '$uespell' | wait 900} command: if
00:46:51.031 HkeyProc Error #502 C0000005 on hotkey:  listas 'UE Combo' | clear $useue | set $messageleader 'Quero Tua Exp' | set $leadermessage 'fdp'| set $mpue 1200 | set $uespell 'exevo gran mas frigo' | foreach 'newmessages' $ue if [$ue.sender == '$messageleader' && $ue.content == '$leadermessage' && $ue.channel == 'Default'] set $useue 1 | if [$useue && $mp >= $mpue] {say '$uespell' | wait 900} command: if
00:46:53.218 HkeyProc Error #502 C0000005 on hotkey:  listas 'UE Combo' | clear $useue | set $messageleader 'Quero Tua Exp' | set $leadermessage 'fdp'| set $mpue 1200 | set $uespell 'exevo gran mas frigo' | foreach 'newmessages' $ue if [$ue.sender == '$messageleader' && $ue.content == '$leadermessage' && $ue.channel == 'Default'] set $useue 1 | if [$useue && $mp >= $mpue] {say '$uespell' | wait 900} command: if
00:47:12.687 HkeyProc Error #502 C0000005 on hotkey:  listas 'UE Combo' | clear $useue | set $messageleader 'Quero Tua Exp' | set $leadermessage 'fdp'| set $mpue 1200 | set $uespell 'exevo gran mas frigo' | foreach 'newmessages' $ue if [$ue.sender == '$messageleader' && $ue.content == '$leadermessage' && $ue.channel == 'Default'] set $useue 1 | if [$useue && $mp >= $mpue] {say '$uespell' | wait 900} command: if
00:47:44.968 HkeyProc Error #502 C0000005 on hotkey:  listas 'UE Combo' | clear $useue | set $messageleader 'Quero Tua Exp' | set $leadermessage 'fdp'| set $mpue 1200 | set $uespell 'exevo gran mas frigo' | foreach 'newmessages' $ue if [$ue.sender == '$messageleader' && $ue.content == '$leadermessage' && $ue.channel == 'Default'] set $useue 1 | if [$useue && $mp >= $mpue] {say '$uespell' | wait 900} command: if
00:47:55.890 HkeyProc Error #502 C0000005 on hotkey:  listas 'UE Combo' | clear $useue | set $messageleader 'Quero Tua Exp' | set $leadermessage 'fdp'| set $mpue 1200 | set $uespell 'exevo gran mas frigo' | foreach 'newmessages' $ue if [$ue.sender == '$messageleader' && $ue.content == '$leadermessage' && $ue.channel == 'Default'] set $useue 1 | if [$useue && $mp >= $mpue] {say '$uespell' | wait 900} command: if
00:48:35.265 HkeyProc Error #502 C0000005 on hotkey:  listas 'UE Combo' | clear $useue | set $messageleader 'Quero Tua Exp' | set $leadermessage 'fdp'| set $mpue 1200 | set $uespell 'exevo gran mas frigo' | foreach 'newmessages' $ue if [$ue.sender == '$messageleader' && $ue.content == '$leadermessage' && $ue.channel == 'Default'] set $useue 1 | if [$useue && $mp >= $mpue] {say '$uespell' | wait 900} command: if
00:49:12.015 HkeyProc Error #502 C0000005 on hotkey:  listas 'UE Combo' | clear $useue | set $messageleader 'Quero Tua Exp' | set $leadermessage 'fdp'| set $mpue 1200 | set $uespell 'exevo gran mas frigo' | foreach 'newmessages' $ue if [$ue.sender == '$messageleader' && $ue.content == '$leadermessage' && $ue.channel == 'Default'] set $useue 1 | if [$useue && $mp >= $mpue] {say '$uespell' | wait 900} command: if
00:49:21.093 HkeyProc Error #502 C0000005 on hotkey:  listas 'UE Combo' | clear $useue | set $messageleader 'Quero Tua Exp' | set $leadermessage 'fdp'| set $mpue 1200 | set $uespell 'exevo gran mas frigo' | foreach 'newmessages' $ue if [$ue.sender == '$messageleader' && $ue.content == '$leadermessage' && $ue.channel == 'Default'] set $useue 1 | if [$useue && $mp >= $mpue] {say '$uespell' | wait 900} command: if
00:49:32.468 HkeyProc Error #502 C0000005 on hotkey:  listas 'UE Combo' | clear $useue | set $messageleader 'Quero Tua Exp' | set $leadermessage 'fdp'| set $mpue 1200 | set $uespell 'exevo gran mas frigo' | foreach 'newmessages' $ue if [$ue.sender == '$messageleader' && $ue.content == '$leadermessage' && $ue.channel == 'Default'] set $useue 1 | if [$useue && $mp >= $mpue] {say '$uespell' | wait 900} command: if
00:49:45.156 HkeyProc Error #502 C0000005 on hotkey:  listas 'UE Combo' | clear $useue | set $messageleader 'Quero Tua Exp' | set $leadermessage 'fdp'| set $mpue 1200 | set $uespell 'exevo gran mas frigo' | foreach 'newmessages' $ue if [$ue.sender == '$messageleader' && $ue.content == '$leadermessage' && $ue.channel == 'Default'] set $useue 1 | if [$useue && $mp >= $mpue] {say '$uespell' | wait 900} command: if
00:49:50.406 HkeyProc Error #502 C0000005 on hotkey:  listas 'UE Combo' | clear $useue | set $messageleader 'Quero Tua Exp' | set $leadermessage 'fdp'| set $mpue 1200 | set $uespell 'exevo gran mas frigo' | foreach 'newmessages' $ue if [$ue.sender == '$messageleader' && $ue.content == '$leadermessage' && $ue.channel == 'Default'] set $useue 1 | if [$useue && $mp >= $mpue] {say '$uespell' | wait 900} command: if
00:50:25.734 HkeyProc Error #502 C0000005 on hotkey:  listas 'UE Combo' | clear $useue | set $messageleader 'Quero Tua Exp' | set $leadermessage 'fdp'| set $mpue 1200 | set $uespell 'exevo gran mas frigo' | foreach 'newmessages' $ue if [$ue.sender == '$messageleader' && $ue.content == '$leadermessage' && $ue.channel == 'Default'] set $useue 1 | if [$useue && $mp >= $mpue] {say '$uespell' | wait 900} command: if
00:52:45.515 HkeyProc Error #502 C0000005 on hotkey:  listas 'UE Combo' | clear $useue | set $messageleader 'Quero Tua Exp' | set $leadermessage 'fdp'| set $mpue 1200 | set $uespell 'exevo gran mas frigo' | foreach 'newmessages' $ue if [$ue.sender == '$messageleader' && $ue.content == '$leadermessage' && $ue.channel == 'Default'] set $useue 1 | if [$useue && $mp >= $mpue] {say '$uespell' | wait 900} command: if
00:53:03.562 HkeyProc Error #502 C0000005 on hotkey:  listas 'UE Combo' | clear $useue | set $messageleader 'Quero Tua Exp' | set $leadermessage 'fdp'| set $mpue 1200 | set $uespell 'exevo gran mas frigo' | foreach 'newmessages' $ue if [$ue.sender == '$messageleader' && $ue.content == '$leadermessage' && $ue.channel == 'Default'] set $useue 1 | if [$useue && $mp >= $mpue] {say '$uespell' | wait 900} command: if
00:53:08.812 HkeyProc Error #502 C0000005 on hotkey:  listas 'UE Combo' | clear $useue | set $messageleader 'Quero Tua Exp' | set $leadermessage 'fdp'| set $mpue 1200 | set $uespell 'exevo gran mas frigo' | foreach 'newmessages' $ue if [$ue.sender == '$messageleader' && $ue.content == '$leadermessage' && $ue.channel == 'Default'] set $useue 1 | if [$useue && $mp >= $mpue] {say '$uespell' | wait 900} command: if
00:53:13.734 HkeyProc Error #502 C0000005 on hotkey:  listas 'UE Combo' | clear $useue | set $messageleader 'Quero Tua Exp' | set $leadermessage 'fdp'| set $mpue 1200 | set $uespell 'exevo gran mas frigo' | foreach 'newmessages' $ue if [$ue.sender == '$messageleader' && $ue.content == '$leadermessage' && $ue.channel == 'Default'] set $useue 1 | if [$useue && $mp >= $mpue] {say '$uespell' | wait 900} command: if
00:53:15.703 HkeyProc Error #502 C0000005 on hotkey:  listas 'UE Combo' | clear $useue | set $messageleader 'Quero Tua Exp' | set $leadermessage 'fdp'| set $mpue 1200 | set $uespell 'exevo gran mas frigo' | foreach 'newmessages' $ue if [$ue.sender == '$messageleader' && $ue.content == '$leadermessage' && $ue.channel == 'Default'] set $useue 1 | if [$useue && $mp >= $mpue] {say '$uespell' | wait 900} command: if
00:53:25.546 HkeyProc Error #502 C0000005 on hotkey:  listas 'UE Combo' | clear $useue | set $messageleader 'Quero Tua Exp' | set $leadermessage 'fdp'| set $mpue 1200 | set $uespell 'exevo gran mas frigo' | foreach 'newmessages' $ue if [$ue.sender == '$messageleader' && $ue.content == '$leadermessage' && $ue.channel == 'Default'] set $useue 1 | if [$useue && $mp >= $mpue] {say '$uespell' | wait 900} command: if
00:53:46.328 HkeyProc Error #502 C0000005 on hotkey:  listas 'UE Combo' | clear $useue | set $messageleader 'Quero Tua Exp' | set $leadermessage 'fdp'| set $mpue 1200 | set $uespell 'exevo gran mas frigo' | foreach 'newmessages' $ue if [$ue.sender == '$messageleader' && $ue.content == '$leadermessage' && $ue.channel == 'Default'] set $useue 1 | if [$useue && $mp >= $mpue] {say '$uespell' | wait 900} command: if
00:54:07.328 HkeyProc Error #502 C0000005 on hotkey:  listas 'UE Combo' | clear $useue | set $messageleader 'Quero Tua Exp' | set $leadermessage 'fdp'| set $mpue 1200 | set $uespell 'exevo gran mas frigo' | foreach 'newmessages' $ue if [$ue.sender == '$messageleader' && $ue.content == '$leadermessage' && $ue.channel == 'Default'] set $useue 1 | if [$useue && $mp >= $mpue] {say '$uespell' | wait 900} command: if
00:54:37.187 HkeyProc Error #502 C0000005 on hotkey:  listas 'UE Combo' | clear $useue | set $messageleader 'Quero Tua Exp' | set $leadermessage 'fdp'| set $mpue 1200 | set $uespell 'exevo gran mas frigo' | foreach 'newmessages' $ue if [$ue.sender == '$messageleader' && $ue.content == '$leadermessage' && $ue.channel == 'Default'] set $useue 1 | if [$useue && $mp >= $mpue] {say '$uespell' | wait 900} command: if
00:55:29.796 HkeyProc Error #502 C0000005 on hotkey:  listas 'UE Combo' | clear $useue | set $messageleader 'Quero Tua Exp' | set $leadermessage 'fdp'| set $mpue 1200 | set $uespell 'exevo gran mas frigo' | foreach 'newmessages' $ue if [$ue.sender == '$messageleader' && $ue.content == '$leadermessage' && $ue.channel == 'Default'] set $useue 1 | if [$useue && $mp >= $mpue] {say '$uespell' | wait 900} command: if
00:55:34.500 HkeyProc Error #502 C0000005 on hotkey:  listas 'UE Combo' | clear $useue | set $messageleader 'Quero Tua Exp' | set $leadermessage 'fdp'| set $mpue 1200 | set $uespell 'exevo gran mas frigo' | foreach 'newmessages' $ue if [$ue.sender == '$messageleader' && $ue.content == '$leadermessage' && $ue.channel == 'Default'] set $useue 1 | if [$useue && $mp >= $mpue] {say '$uespell' | wait 900} command: if
00:55:45.000 HkeyProc Error #502 C0000005 on hotkey:  listas 'UE Combo' | clear $useue | set $messageleader 'Quero Tua Exp' | set $leadermessage 'fdp'| set $mpue 1200 | set $uespell 'exevo gran mas frigo' | foreach 'newmessages' $ue if [$ue.sender == '$messageleader' && $ue.content == '$leadermessage' && $ue.channel == 'Default'] set $useue 1 | if [$useue && $mp >= $mpue] {say '$uespell' | wait 900} command: if
00:56:23.281 HkeyProc Error #502 C0000005 on hotkey:  listas 'UE Combo' | clear $useue | set $messageleader 'Quero Tua Exp' | set $leadermessage 'fdp'| set $mpue 1200 | set $uespell 'exevo gran mas frigo' | foreach 'newmessages' $ue if [$ue.sender == '$messageleader' && $ue.content == '$leadermessage' && $ue.channel == 'Default'] set $useue 1 | if [$useue && $mp >= $mpue] {say '$uespell' | wait 900} command: if
00:56:28.531 HkeyProc Error #502 C0000005 on hotkey:  listas 'UE Combo' | clear $useue | set $messageleader 'Quero Tua Exp' | set $leadermessage 'fdp'| set $mpue 1200 | set $uespell 'exevo gran mas frigo' | foreach 'newmessages' $ue if [$ue.sender == '$messageleader' && $ue.content == '$leadermessage' && $ue.channel == 'Default'] set $useue 1 | if [$useue && $mp >= $mpue] {say '$uespell' | wait 900} command: if
00:57:25.515 HkeyProc Error #502 C0000005 on hotkey:  listas 'UE Combo' | clear $useue | set $messageleader 'Quero Tua Exp' | set $leadermessage 'fdp'| set $mpue 1200 | set $uespell 'exevo gran mas frigo' | foreach 'newmessages' $ue if [$ue.sender == '$messageleader' && $ue.content == '$leadermessage' && $ue.channel == 'Default'] set $useue 1 | if [$useue && $mp >= $mpue] {say '$uespell' | wait 900} command: if
01:01:09.187 HkeyProc Error #502 C0000005 on hotkey:  listas 'UE Combo' | clear $useue | set $messageleader 'Quero Tua Exp' | set $leadermessage 'fdp'| set $mpue 1200 | set $uespell 'exevo gran mas frigo' | foreach 'newmessages' $ue if [$ue.sender == '$messageleader' && $ue.content == '$leadermessage' && $ue.channel == 'Default'] set $useue 1 | if [$useue && $mp >= $mpue] {say '$uespell' | wait 900} command: if
01:01:19.796 HkeyProc Error #502 C0000005 on hotkey:  listas 'UE Combo' | clear $useue | set $messageleader 'Quero Tua Exp' | set $leadermessage 'fdp'| set $mpue 1200 | set $uespell 'exevo gran mas frigo' | foreach 'newmessages' $ue if [$ue.sender == '$messageleader' && $ue.content == '$leadermessage' && $ue.channel == 'Default'] set $useue 1 | if [$useue && $mp >= $mpue] {say '$uespell' | wait 900} command: if
01:02:04.750 HkeyProc Error #502 C0000005 on hotkey:  listas 'UE Combo' | clear $useue | set $messageleader 'Quero Tua Exp' | set $leadermessage 'fdp'| set $mpue 1200 | set $uespell 'exevo gran mas frigo' | foreach 'newmessages' $ue if [$ue.sender == '$messageleader' && $ue.content == '$leadermessage' && $ue.channel == 'Default'] set $useue 1 | if [$useue && $mp >= $mpue] {say '$uespell' | wait 900} command: if
01:02:25.093 HkeyProc Error #502 C0000005 on hotkey:  listas 'UE Combo' | clear $useue | set $messageleader 'Quero Tua Exp' | set $leadermessage 'fdp'| set $mpue 1200 | set $uespell 'exevo gran mas frigo' | foreach 'newmessages' $ue if [$ue.sender == '$messageleader' && $ue.content == '$leadermessage' && $ue.channel == 'Default'] set $useue 1 | if [$useue && $mp >= $mpue] {say '$uespell' | wait 900} command: if
01:03:12.453 HkeyProc Error #502 C0000005 on hotkey:  listas 'UE Combo' | clear $useue | set $messageleader 'Quero Tua Exp' | set $leadermessage 'fdp'| set $mpue 1200 | set $uespell 'exevo gran mas frigo' | foreach 'newmessages' $ue if [$ue.sender == '$messageleader' && $ue.content == '$leadermessage' && $ue.channel == 'Default'] set $useue 1 | if [$useue && $mp >= $mpue] {say '$uespell' | wait 900} command: if
01:03:57.625 HkeyProc Error #502 C0000005 on hotkey:  listas 'UE Combo' | clear $useue | set $messageleader 'Quero Tua Exp' | set $leadermessage 'fdp'| set $mpue 1200 | set $uespell 'exevo gran mas frigo' | foreach 'newmessages' $ue if [$ue.sender == '$messageleader' && $ue.content == '$leadermessage' && $ue.channel == 'Default'] set $useue 1 | if [$useue && $mp >= $mpue] {say '$uespell' | wait 900} command: if
01:04:04.625 HkeyProc Error #502 C0000005 on hotkey:  listas 'UE Combo' | clear $useue | set $messageleader 'Quero Tua Exp' | set $leadermessage 'fdp'| set $mpue 1200 | set $uespell 'exevo gran mas frigo' | foreach 'newmessages' $ue if [$ue.sender == '$messageleader' && $ue.content == '$leadermessage' && $ue.channel == 'Default'] set $useue 1 | if [$useue && $mp >= $mpue] {say '$uespell' | wait 900} command: if
01:05:40.765 HkeyProc Error #502 C0000005 on hotkey:  listas 'UE Combo' | clear $useue | set $messageleader 'Quero Tua Exp' | set $leadermessage 'fdp'| set $mpue 1200 | set $uespell 'exevo gran mas frigo' | foreach 'newmessages' $ue if [$ue.sender == '$messageleader' && $ue.content == '$leadermessage' && $ue.channel == 'Default'] set $useue 1 | if [$useue && $mp >= $mpue] {say '$uespell' | wait 900} command: if
01:06:21.562 HkeyProc Error #502 C0000005 on hotkey:  listas 'UE Combo' | clear $useue | set $messageleader 'Quero Tua Exp' | set $leadermessage 'fdp'| set $mpue 1200 | set $uespell 'exevo gran mas frigo' | foreach 'newmessages' $ue if [$ue.sender == '$messageleader' && $ue.content == '$leadermessage' && $ue.channel == 'Default'] set $useue 1 | if [$useue && $mp >= $mpue] {say '$uespell' | wait 900} command: if
01:08:46.593 HkeyProc Error #502 C0000005 on hotkey:  listas 'UE Combo' | clear $useue | set $messageleader 'Quero Tua Exp' | set $leadermessage 'fdp'| set $mpue 1200 | set $uespell 'exevo gran mas frigo' | foreach 'newmessages' $ue if [$ue.sender == '$messageleader' && $ue.content == '$leadermessage' && $ue.channel == 'Default'] set $useue 1 | if [$useue && $mp >= $mpue] {say '$uespell' | wait 900} command: if
01:08:51.968 HkeyProc Error #502 C0000005 on hotkey:  listas 'UE Combo' | clear $useue | set $messageleader 'Quero Tua Exp' | set $leadermessage 'fdp'| set $mpue 1200 | set $uespell 'exevo gran mas frigo' | foreach 'newmessages' $ue if [$ue.sender == '$messageleader' && $ue.content == '$leadermessage' && $ue.channel == 'Default'] set $useue 1 | if [$useue && $mp >= $mpue] {say '$uespell' | wait 900} command: if
01:08:52.828 HkeyProc Error #502 C0000005 on hotkey:  listas 'UE Combo' | clear $useue | set $messageleader 'Quero Tua Exp' | set $leadermessage 'fdp'| set $mpue 1200 | set $uespell 'exevo gran mas frigo' | foreach 'newmessages' $ue if [$ue.sender == '$messageleader' && $ue.content == '$leadermessage' && $ue.channel == 'Default'] set $useue 1 | if [$useue && $mp >= $mpue] {say '$uespell' | wait 900} command: if
01:09:00.703 HkeyProc Error #502 C0000005 on hotkey:  listas 'UE Combo' | clear $useue | set $messageleader 'Quero Tua Exp' | set $leadermessage 'fdp'| set $mpue 1200 | set $uespell 'exevo gran mas frigo' | foreach 'newmessages' $ue if [$ue.sender == '$messageleader' && $ue.content == '$leadermessage' && $ue.channel == 'Default'] set $useue 1 | if [$useue && $mp >= $mpue] {say '$uespell' | wait 900} command: if
01:09:11.984 HkeyProc Error #502 C0000005 on hotkey:  listas 'UE Combo' | clear $useue | set $messageleader 'Quero Tua Exp' | set $leadermessage 'fdp'| set $mpue 1200 | set $uespell 'exevo gran mas frigo' | foreach 'newmessages' $ue if [$ue.sender == '$messageleader' && $ue.content == '$leadermessage' && $ue.channel == 'Default'] set $useue 1 | if [$useue && $mp >= $mpue] {say '$uespell' | wait 900} command: if
01:09:29.468 HkeyProc Error #502 C0000005 on hotkey:  listas 'UE Combo' | clear $useue | set $messageleader 'Quero Tua Exp' | set $leadermessage 'fdp'| set $mpue 1200 | set $uespell 'exevo gran mas frigo' | foreach 'newmessages' $ue if [$ue.sender == '$messageleader' && $ue.content == '$leadermessage' && $ue.channel == 'Default'] set $useue 1 | if [$useue && $mp >= $mpue] {say '$uespell' | wait 900} command: if
01:10:24.281 HkeyProc Error #502 C0000005 on hotkey:  listas 'UE Combo' | clear $useue | set $messageleader 'Quero Tua Exp' | set $leadermessage 'fdp'| set $mpue 1200 | set $uespell 'exevo gran mas frigo' | foreach 'newmessages' $ue if [$ue.sender == '$messageleader' && $ue.content == '$leadermessage' && $ue.channel == 'Default'] set $useue 1 | if [$useue && $mp >= $mpue] {say '$uespell' | wait 900} command: if
01:10:28.000 HkeyProc Error #502 C0000005 on hotkey:  listas 'UE Combo' | clear $useue | set $messageleader 'Quero Tua Exp' | set $leadermessage 'fdp'| set $mpue 1200 | set $uespell 'exevo gran mas frigo' | foreach 'newmessages' $ue if [$ue.sender == '$messageleader' && $ue.content == '$leadermessage' && $ue.channel == 'Default'] set $useue 1 | if [$useue && $mp >= $mpue] {say '$uespell' | wait 900} command: if
01:10:35.875 HkeyProc Error #502 C0000005 on hotkey:  listas 'UE Combo' | clear $useue | set $messageleader 'Quero Tua Exp' | set $leadermessage 'fdp'| set $mpue 1200 | set $uespell 'exevo gran mas frigo' | foreach 'newmessages' $ue if [$ue.sender == '$messageleader' && $ue.content == '$leadermessage' && $ue.channel == 'Default'] set $useue 1 | if [$useue && $mp >= $mpue] {say '$uespell' | wait 900} command: if
01:10:41.125 HkeyProc Error #502 C0000005 on hotkey:  listas 'UE Combo' | clear $useue | set $messageleader 'Quero Tua Exp' | set $leadermessage 'fdp'| set $mpue 1200 | set $uespell 'exevo gran mas frigo' | foreach 'newmessages' $ue if [$ue.sender == '$messageleader' && $ue.content == '$leadermessage' && $ue.channel == 'Default'] set $useue 1 | if [$useue && $mp >= $mpue] {say '$uespell' | wait 900} command: if
01:10:41.234 HkeyProc Error #502 C0000005 on hotkey:  listas 'UE Combo' | clear $useue | set $messageleader 'Quero Tua Exp' | set $leadermessage 'fdp'| set $mpue 1200 | set $uespell 'exevo gran mas frigo' | foreach 'newmessages' $ue if [$ue.sender == '$messageleader' && $ue.content == '$leadermessage' && $ue.channel == 'Default'] set $useue 1 | if [$useue && $mp >= $mpue] {say '$uespell' | wait 900} command: if
01:11:50.140 HkeyProc Error #502 C0000005 on hotkey:  listas 'UE Combo' | clear $useue | set $messageleader 'Quero Tua Exp' | set $leadermessage 'fdp'| set $mpue 1200 | set $uespell 'exevo gran mas frigo' | foreach 'newmessages' $ue if [$ue.sender == '$messageleader' && $ue.content == '$leadermessage' && $ue.channel == 'Default'] set $useue 1 | if [$useue && $mp >= $mpue] {say '$uespell' | wait 900} command: if
01:14:21.515 HkeyProc Error #502 C0000005 on hotkey:  listas 'UE Combo' | clear $useue | set $messageleader 'Quero Tua Exp' | set $leadermessage 'fdp'| set $mpue 1200 | set $uespell 'exevo gran mas frigo' | foreach 'newmessages' $ue if [$ue.sender == '$messageleader' && $ue.content == '$leadermessage' && $ue.channel == 'Default'] set $useue 1 | if [$useue && $mp >= $mpue] {say '$uespell' | wait 900} command: if
01:25:59.031 HkeyProc Error #502 C0000005 on hotkey:  listas 'UE Combo' | clear $useue | set $messageleader 'Quero Tua Exp' | set $leadermessage 'fdp'| set $mpue 1200 | set $uespell 'exevo gran mas frigo' | foreach 'newmessages' $ue if [$ue.sender == '$messageleader' && $ue.content == '$leadermessage' && $ue.channel == 'Default'] set $useue 1 | if [$useue && $mp >= $mpue] {say '$uespell' | wait 900} command: if
01:26:00.781 HkeyProc Error #502 C0000005 on hotkey:  listas 'UE Combo' | clear $useue | set $messageleader 'Quero Tua Exp' | set $leadermessage 'fdp'| set $mpue 1200 | set $uespell 'exevo gran mas frigo' | foreach 'newmessages' $ue if [$ue.sender == '$messageleader' && $ue.content == '$leadermessage' && $ue.channel == 'Default'] set $useue 1 | if [$useue && $mp >= $mpue] {say '$uespell' | wait 900} command: if
01:30:12.890 HkeyProc Error #502 C0000005 on hotkey:  listas 'UE Combo' | clear $useue | set $messageleader 'Quero Tua Exp' | set $leadermessage 'fdp'| set $mpue 1200 | set $uespell 'exevo gran mas frigo' | foreach 'newmessages' $ue if [$ue.sender == '$messageleader' && $ue.content == '$leadermessage' && $ue.channel == 'Default'] set $useue 1 | if [$useue && $mp >= $mpue] {say '$uespell' | wait 900} command: if
01:33:37.203 HkeyProc Error #502 C0000005 on hotkey:  listas 'UE Combo' | clear $useue | set $messageleader 'Quero Tua Exp' | set $leadermessage 'fdp'| set $mpue 1200 | set $uespell 'exevo gran mas frigo' | foreach 'newmessages' $ue if [$ue.sender == '$messageleader' && $ue.content == '$leadermessage' && $ue.channel == 'Default'] set $useue 1 | if [$useue && $mp >= $mpue] {say '$uespell' | wait 900} command: if
